{"C:\\Users\\Olivia\\Desktop\\PlanMyJob\\plan-my-job\\src\\lib\\offerAnalyzer.ts": {"path":"C:\\Users\\Olivia\\Desktop\\PlanMyJob\\plan-my-job\\src\\lib\\offerAnalyzer.ts","statementMap":{"0":{"start":{"line":22,"column":73},"end":{"line":34,"column":null}},"1":{"start":{"line":37,"column":2},"end":{"line":37,"column":null}},"2":{"start":{"line":37,"column":12},"end":{"line":37,"column":null}},"3":{"start":{"line":39,"column":18},"end":{"line":39,"column":null}},"4":{"start":{"line":40,"column":21},"end":{"line":42,"column":null}},"5":{"start":{"line":44,"column":2},"end":{"line":56,"column":null}},"6":{"start":{"line":45,"column":4},"end":{"line":55,"column":null}},"7":{"start":{"line":46,"column":21},"end":{"line":46,"column":null}},"8":{"start":{"line":47,"column":19},"end":{"line":47,"column":null}},"9":{"start":{"line":48,"column":6},"end":{"line":52,"column":null}},"10":{"start":{"line":49,"column":8},"end":{"line":51,"column":null}},"11":{"start":{"line":49,"column":44},"end":{"line":49,"column":68}},"12":{"start":{"line":50,"column":10},"end":{"line":50,"column":null}},"13":{"start":{"line":58,"column":19},"end":{"line":58,"column":null}},"14":{"start":{"line":59,"column":2},"end":{"line":63,"column":null}},"15":{"start":{"line":60,"column":4},"end":{"line":62,"column":null}},"16":{"start":{"line":60,"column":40},"end":{"line":60,"column":68}},"17":{"start":{"line":61,"column":6},"end":{"line":61,"column":null}},"18":{"start":{"line":65,"column":2},"end":{"line":65,"column":null}},"19":{"start":{"line":69,"column":16},"end":{"line":69,"column":null}},"20":{"start":{"line":70,"column":2},"end":{"line":70,"column":null}},"21":{"start":{"line":70,"column":52},"end":{"line":70,"column":null}},"22":{"start":{"line":71,"column":2},"end":{"line":71,"column":null}},"23":{"start":{"line":71,"column":34},"end":{"line":71,"column":null}},"24":{"start":{"line":72,"column":2},"end":{"line":72,"column":null}},"25":{"start":{"line":72,"column":32},"end":{"line":72,"column":null}},"26":{"start":{"line":73,"column":2},"end":{"line":74,"column":null}},"27":{"start":{"line":74,"column":4},"end":{"line":74,"column":null}},"28":{"start":{"line":75,"column":2},"end":{"line":76,"column":null}},"29":{"start":{"line":76,"column":4},"end":{"line":76,"column":null}},"30":{"start":{"line":77,"column":2},"end":{"line":78,"column":null}},"31":{"start":{"line":78,"column":4},"end":{"line":78,"column":null}},"32":{"start":{"line":79,"column":2},"end":{"line":79,"column":null}},"33":{"start":{"line":82,"column":36},"end":{"line":149,"column":null}},"34":{"start":{"line":151,"column":35},"end":{"line":151,"column":null}},"35":{"start":{"line":154,"column":35},"end":{"line":157,"column":null}},"36":{"start":{"line":157,"column":17},"end":{"line":157,"column":41}},"37":{"start":{"line":159,"column":68},"end":{"line":166,"column":null}},"38":{"start":{"line":168,"column":72},"end":{"line":180,"column":null}},"39":{"start":{"line":183,"column":15},"end":{"line":183,"column":null}},"40":{"start":{"line":184,"column":16},"end":{"line":187,"column":null}},"41":{"start":{"line":186,"column":16},"end":{"line":186,"column":24}},"42":{"start":{"line":189,"column":14},"end":{"line":189,"column":null}},"43":{"start":{"line":190,"column":19},"end":{"line":190,"column":null}},"44":{"start":{"line":191,"column":21},"end":{"line":191,"column":null}},"45":{"start":{"line":193,"column":28},"end":{"line":201,"column":null}},"46":{"start":{"line":194,"column":4},"end":{"line":201,"column":null}},"47":{"start":{"line":202,"column":27},"end":{"line":207,"column":null}},"48":{"start":{"line":203,"column":4},"end":{"line":207,"column":null}},"49":{"start":{"line":208,"column":27},"end":{"line":210,"column":null}},"50":{"start":{"line":209,"column":4},"end":{"line":210,"column":null}},"51":{"start":{"line":211,"column":28},"end":{"line":212,"column":null}},"52":{"start":{"line":212,"column":4},"end":{"line":212,"column":null}},"53":{"start":{"line":213,"column":32},"end":{"line":216,"column":null}},"54":{"start":{"line":214,"column":4},"end":{"line":216,"column":null}},"55":{"start":{"line":217,"column":28},"end":{"line":218,"column":null}},"56":{"start":{"line":218,"column":4},"end":{"line":218,"column":null}},"57":{"start":{"line":220,"column":2},"end":{"line":227,"column":null}},"58":{"start":{"line":225,"column":4},"end":{"line":225,"column":null}},"59":{"start":{"line":226,"column":4},"end":{"line":226,"column":null}},"60":{"start":{"line":228,"column":2},"end":{"line":230,"column":null}},"61":{"start":{"line":229,"column":4},"end":{"line":229,"column":null}},"62":{"start":{"line":231,"column":2},"end":{"line":234,"column":null}},"63":{"start":{"line":232,"column":21},"end":{"line":232,"column":null}},"64":{"start":{"line":233,"column":4},"end":{"line":233,"column":null}},"65":{"start":{"line":233,"column":18},"end":{"line":233,"column":null}},"66":{"start":{"line":235,"column":2},"end":{"line":238,"column":null}},"67":{"start":{"line":236,"column":25},"end":{"line":236,"column":null}},"68":{"start":{"line":237,"column":4},"end":{"line":237,"column":null}},"69":{"start":{"line":237,"column":22},"end":{"line":237,"column":null}},"70":{"start":{"line":239,"column":2},"end":{"line":246,"column":null}},"71":{"start":{"line":240,"column":25},"end":{"line":240,"column":null}},"72":{"start":{"line":241,"column":4},"end":{"line":245,"column":null}},"73":{"start":{"line":242,"column":6},"end":{"line":244,"column":null}},"74":{"start":{"line":248,"column":2},"end":{"line":289,"column":null}},"75":{"start":{"line":249,"column":26},"end":{"line":257,"column":null}},"76":{"start":{"line":258,"column":4},"end":{"line":271,"column":null}},"77":{"start":{"line":259,"column":16},"end":{"line":259,"column":null}},"78":{"start":{"line":260,"column":6},"end":{"line":270,"column":null}},"79":{"start":{"line":261,"column":20},"end":{"line":261,"column":null}},"80":{"start":{"line":262,"column":8},"end":{"line":269,"column":null}},"81":{"start":{"line":267,"column":10},"end":{"line":267,"column":null}},"82":{"start":{"line":268,"column":10},"end":{"line":268,"column":null}},"83":{"start":{"line":272,"column":4},"end":{"line":288,"column":null}},"84":{"start":{"line":273,"column":20},"end":{"line":273,"column":null}},"85":{"start":{"line":274,"column":6},"end":{"line":287,"column":null}},"86":{"start":{"line":274,"column":19},"end":{"line":274,"column":22}},"87":{"start":{"line":275,"column":21},"end":{"line":275,"column":null}},"88":{"start":{"line":276,"column":8},"end":{"line":286,"column":null}},"89":{"start":{"line":277,"column":10},"end":{"line":285,"column":null}},"90":{"start":{"line":283,"column":12},"end":{"line":283,"column":null}},"91":{"start":{"line":284,"column":12},"end":{"line":284,"column":null}},"92":{"start":{"line":291,"column":2},"end":{"line":327,"column":null}},"93":{"start":{"line":292,"column":31},"end":{"line":299,"column":null}},"94":{"start":{"line":300,"column":4},"end":{"line":314,"column":null}},"95":{"start":{"line":301,"column":16},"end":{"line":301,"column":null}},"96":{"start":{"line":302,"column":6},"end":{"line":313,"column":null}},"97":{"start":{"line":303,"column":20},"end":{"line":303,"column":null}},"98":{"start":{"line":304,"column":8},"end":{"line":312,"column":null}},"99":{"start":{"line":310,"column":10},"end":{"line":310,"column":null}},"100":{"start":{"line":311,"column":10},"end":{"line":311,"column":null}},"101":{"start":{"line":315,"column":4},"end":{"line":316,"column":null}},"102":{"start":{"line":316,"column":6},"end":{"line":316,"column":null}},"103":{"start":{"line":317,"column":4},"end":{"line":326,"column":null}},"104":{"start":{"line":323,"column":6},"end":{"line":323,"column":null}},"105":{"start":{"line":324,"column":6},"end":{"line":325,"column":null}},"106":{"start":{"line":325,"column":8},"end":{"line":325,"column":null}},"107":{"start":{"line":329,"column":33},"end":{"line":329,"column":null}},"108":{"start":{"line":330,"column":2},"end":{"line":335,"column":null}},"109":{"start":{"line":331,"column":4},"end":{"line":334,"column":null}},"110":{"start":{"line":332,"column":6},"end":{"line":332,"column":null}},"111":{"start":{"line":333,"column":6},"end":{"line":333,"column":null}},"112":{"start":{"line":337,"column":33},"end":{"line":337,"column":null}},"113":{"start":{"line":338,"column":2},"end":{"line":343,"column":null}},"114":{"start":{"line":339,"column":4},"end":{"line":342,"column":null}},"115":{"start":{"line":340,"column":6},"end":{"line":340,"column":null}},"116":{"start":{"line":341,"column":6},"end":{"line":341,"column":null}},"117":{"start":{"line":345,"column":2},"end":{"line":348,"column":null}},"118":{"start":{"line":346,"column":21},"end":{"line":346,"column":null}},"119":{"start":{"line":346,"column":39},"end":{"line":346,"column":58}},"120":{"start":{"line":347,"column":4},"end":{"line":347,"column":null}},"121":{"start":{"line":347,"column":18},"end":{"line":347,"column":null}},"122":{"start":{"line":349,"column":2},"end":{"line":355,"column":null}},"123":{"start":{"line":350,"column":22},"end":{"line":352,"column":null}},"124":{"start":{"line":353,"column":4},"end":{"line":354,"column":null}},"125":{"start":{"line":354,"column":6},"end":{"line":354,"column":null}},"126":{"start":{"line":356,"column":2},"end":{"line":368,"column":null}},"127":{"start":{"line":357,"column":21},"end":{"line":359,"column":null}},"128":{"start":{"line":360,"column":4},"end":{"line":367,"column":null}},"129":{"start":{"line":361,"column":18},"end":{"line":361,"column":null}},"130":{"start":{"line":362,"column":6},"end":{"line":366,"column":null}},"131":{"start":{"line":366,"column":8},"end":{"line":366,"column":null}},"132":{"start":{"line":369,"column":2},"end":{"line":376,"column":null}},"133":{"start":{"line":370,"column":23},"end":{"line":370,"column":null}},"134":{"start":{"line":371,"column":4},"end":{"line":375,"column":null}},"135":{"start":{"line":372,"column":18},"end":{"line":372,"column":null}},"136":{"start":{"line":373,"column":6},"end":{"line":374,"column":null}},"137":{"start":{"line":374,"column":8},"end":{"line":374,"column":null}},"138":{"start":{"line":377,"column":2},"end":{"line":381,"column":null}},"139":{"start":{"line":378,"column":26},"end":{"line":378,"column":null}},"140":{"start":{"line":379,"column":4},"end":{"line":380,"column":null}},"141":{"start":{"line":380,"column":6},"end":{"line":380,"column":null}},"142":{"start":{"line":382,"column":2},"end":{"line":388,"column":null}},"143":{"start":{"line":383,"column":26},"end":{"line":385,"column":null}},"144":{"start":{"line":386,"column":4},"end":{"line":387,"column":null}},"145":{"start":{"line":387,"column":6},"end":{"line":387,"column":null}},"146":{"start":{"line":389,"column":2},"end":{"line":398,"column":null}},"147":{"start":{"line":390,"column":26},"end":{"line":392,"column":null}},"148":{"start":{"line":393,"column":4},"end":{"line":397,"column":null}},"149":{"start":{"line":394,"column":6},"end":{"line":396,"column":null}},"150":{"start":{"line":400,"column":24},"end":{"line":400,"column":null}},"151":{"start":{"line":402,"column":4},"end":{"line":417,"column":null}},"152":{"start":{"line":418,"column":2},"end":{"line":418,"column":null}},"153":{"start":{"line":418,"column":16},"end":{"line":418,"column":null}},"154":{"start":{"line":420,"column":32},"end":{"line":420,"column":null}},"155":{"start":{"line":421,"column":21},"end":{"line":421,"column":null}},"156":{"start":{"line":422,"column":2},"end":{"line":425,"column":null}},"157":{"start":{"line":423,"column":15},"end":{"line":423,"column":null}},"158":{"start":{"line":424,"column":4},"end":{"line":424,"column":null}},"159":{"start":{"line":424,"column":29},"end":{"line":424,"column":null}},"160":{"start":{"line":426,"column":2},"end":{"line":429,"column":null}},"161":{"start":{"line":427,"column":4},"end":{"line":427,"column":null}},"162":{"start":{"line":427,"column":64},"end":{"line":427,"column":null}},"163":{"start":{"line":428,"column":4},"end":{"line":428,"column":null}},"164":{"start":{"line":428,"column":57},"end":{"line":428,"column":null}},"165":{"start":{"line":431,"column":23},"end":{"line":433,"column":null}},"166":{"start":{"line":432,"column":4},"end":{"line":433,"column":null}},"167":{"start":{"line":435,"column":4},"end":{"line":435,"column":null}},"168":{"start":{"line":437,"column":31},"end":{"line":437,"column":null}},"169":{"start":{"line":439,"column":23},"end":{"line":441,"column":null}},"170":{"start":{"line":442,"column":2},"end":{"line":446,"column":null}},"171":{"start":{"line":443,"column":20},"end":{"line":443,"column":null}},"172":{"start":{"line":444,"column":4},"end":{"line":445,"column":null}},"173":{"start":{"line":445,"column":6},"end":{"line":445,"column":null}},"174":{"start":{"line":448,"column":20},"end":{"line":448,"column":null}},"175":{"start":{"line":449,"column":2},"end":{"line":471,"column":null}},"176":{"start":{"line":449,"column":15},"end":{"line":449,"column":18}},"177":{"start":{"line":450,"column":17},"end":{"line":450,"column":null}},"178":{"start":{"line":451,"column":18},"end":{"line":451,"column":null}},"179":{"start":{"line":452,"column":4},"end":{"line":455,"column":null}},"180":{"start":{"line":453,"column":6},"end":{"line":453,"column":null}},"181":{"start":{"line":454,"column":6},"end":{"line":454,"column":null}},"182":{"start":{"line":456,"column":4},"end":{"line":470,"column":null}},"183":{"start":{"line":457,"column":6},"end":{"line":458,"column":null}},"184":{"start":{"line":458,"column":8},"end":{"line":458,"column":null}},"185":{"start":{"line":459,"column":19},"end":{"line":459,"column":null}},"186":{"start":{"line":460,"column":6},"end":{"line":460,"column":null}},"187":{"start":{"line":461,"column":6},"end":{"line":469,"column":null}},"188":{"start":{"line":468,"column":8},"end":{"line":468,"column":null}},"189":{"start":{"line":473,"column":2},"end":{"line":490,"column":null}},"190":{"start":{"line":474,"column":4},"end":{"line":474,"column":null}},"191":{"start":{"line":474,"column":32},"end":{"line":474,"column":null}},"192":{"start":{"line":475,"column":17},"end":{"line":475,"column":null}},"193":{"start":{"line":476,"column":4},"end":{"line":476,"column":null}},"194":{"start":{"line":477,"column":4},"end":{"line":482,"column":null}},"195":{"start":{"line":482,"column":6},"end":{"line":482,"column":null}},"196":{"start":{"line":483,"column":4},"end":{"line":489,"column":null}},"197":{"start":{"line":488,"column":6},"end":{"line":488,"column":null}},"198":{"start":{"line":492,"column":28},"end":{"line":492,"column":null}},"199":{"start":{"line":494,"column":4},"end":{"line":505,"column":null}},"200":{"start":{"line":506,"column":2},"end":{"line":520,"column":null}},"201":{"start":{"line":507,"column":16},"end":{"line":507,"column":null}},"202":{"start":{"line":508,"column":21},"end":{"line":508,"column":null}},"203":{"start":{"line":509,"column":21},"end":{"line":511,"column":null}},"204":{"start":{"line":512,"column":4},"end":{"line":519,"column":null}},"205":{"start":{"line":518,"column":6},"end":{"line":518,"column":null}},"206":{"start":{"line":522,"column":24},"end":{"line":522,"column":null}},"207":{"start":{"line":523,"column":19},"end":{"line":523,"column":null}},"208":{"start":{"line":524,"column":2},"end":{"line":524,"column":null}},"209":{"start":{"line":524,"column":16},"end":{"line":524,"column":null}},"210":{"start":{"line":525,"column":17},"end":{"line":525,"column":null}},"211":{"start":{"line":527,"column":2},"end":{"line":539,"column":null}},"212":{"start":{"line":545,"column":2},"end":{"line":560,"column":null}}},"fnMap":{"0":{"name":"inferSourceFromUrl","decl":{"start":{"line":36,"column":16},"end":{"line":36,"column":35}},"loc":{"start":{"line":36,"column":67},"end":{"line":66,"column":null}},"line":36},"1":{"name":"(anonymous_1)","decl":{"start":{"line":49,"column":29},"end":{"line":49,"column":30}},"loc":{"start":{"line":49,"column":44},"end":{"line":49,"column":68}},"line":49},"2":{"name":"(anonymous_2)","decl":{"start":{"line":60,"column":25},"end":{"line":60,"column":26}},"loc":{"start":{"line":60,"column":40},"end":{"line":60,"column":68}},"line":60},"3":{"name":"inferSourceFromText","decl":{"start":{"line":68,"column":9},"end":{"line":68,"column":29}},"loc":{"start":{"line":68,"column":62},"end":{"line":80,"column":null}},"line":68},"4":{"name":"(anonymous_4)","decl":{"start":{"line":157,"column":7},"end":{"line":157,"column":8}},"loc":{"start":{"line":157,"column":17},"end":{"line":157,"column":41}},"line":157},"5":{"name":"extractOfferFromText","decl":{"start":{"line":182,"column":16},"end":{"line":182,"column":37}},"loc":{"start":{"line":182,"column":66},"end":{"line":540,"column":null}},"line":182},"6":{"name":"(anonymous_6)","decl":{"start":{"line":186,"column":9},"end":{"line":186,"column":10}},"loc":{"start":{"line":186,"column":16},"end":{"line":186,"column":24}},"line":186},"7":{"name":"(anonymous_7)","decl":{"start":{"line":193,"column":28},"end":{"line":193,"column":29}},"loc":{"start":{"line":194,"column":4},"end":{"line":201,"column":null}},"line":194},"8":{"name":"(anonymous_8)","decl":{"start":{"line":202,"column":27},"end":{"line":202,"column":28}},"loc":{"start":{"line":203,"column":4},"end":{"line":207,"column":null}},"line":203},"9":{"name":"(anonymous_9)","decl":{"start":{"line":208,"column":27},"end":{"line":208,"column":28}},"loc":{"start":{"line":209,"column":4},"end":{"line":210,"column":null}},"line":209},"10":{"name":"(anonymous_10)","decl":{"start":{"line":211,"column":28},"end":{"line":211,"column":29}},"loc":{"start":{"line":212,"column":4},"end":{"line":212,"column":null}},"line":212},"11":{"name":"(anonymous_11)","decl":{"start":{"line":213,"column":32},"end":{"line":213,"column":33}},"loc":{"start":{"line":214,"column":4},"end":{"line":216,"column":null}},"line":214},"12":{"name":"(anonymous_12)","decl":{"start":{"line":217,"column":28},"end":{"line":217,"column":29}},"loc":{"start":{"line":218,"column":4},"end":{"line":218,"column":null}},"line":218},"13":{"name":"(anonymous_13)","decl":{"start":{"line":346,"column":32},"end":{"line":346,"column":33}},"loc":{"start":{"line":346,"column":39},"end":{"line":346,"column":58}},"line":346},"14":{"name":"(anonymous_14)","decl":{"start":{"line":431,"column":23},"end":{"line":431,"column":24}},"loc":{"start":{"line":432,"column":4},"end":{"line":433,"column":null}},"line":432},"15":{"name":"extractedToFormData","decl":{"start":{"line":542,"column":16},"end":{"line":542,"column":null}},"loc":{"start":{"line":544,"column":26},"end":{"line":561,"column":null}},"line":544}},"branchMap":{"0":{"loc":{"start":{"line":37,"column":2},"end":{"line":37,"column":null}},"type":"if","locations":[{"start":{"line":37,"column":2},"end":{"line":37,"column":null}},{"start":{},"end":{}}],"line":37},"1":{"loc":{"start":{"line":40,"column":21},"end":{"line":42,"column":null}},"type":"cond-expr","locations":[{"start":{"line":41,"column":6},"end":{"line":41,"column":null}},{"start":{"line":42,"column":6},"end":{"line":42,"column":null}}],"line":40},"2":{"loc":{"start":{"line":49,"column":8},"end":{"line":51,"column":null}},"type":"if","locations":[{"start":{"line":49,"column":8},"end":{"line":51,"column":null}},{"start":{},"end":{}}],"line":49},"3":{"loc":{"start":{"line":60,"column":4},"end":{"line":62,"column":null}},"type":"if","locations":[{"start":{"line":60,"column":4},"end":{"line":62,"column":null}},{"start":{},"end":{}}],"line":60},"4":{"loc":{"start":{"line":70,"column":2},"end":{"line":70,"column":null}},"type":"if","locations":[{"start":{"line":70,"column":2},"end":{"line":70,"column":null}},{"start":{},"end":{}}],"line":70},"5":{"loc":{"start":{"line":71,"column":2},"end":{"line":71,"column":null}},"type":"if","locations":[{"start":{"line":71,"column":2},"end":{"line":71,"column":null}},{"start":{},"end":{}}],"line":71},"6":{"loc":{"start":{"line":72,"column":2},"end":{"line":72,"column":null}},"type":"if","locations":[{"start":{"line":72,"column":2},"end":{"line":72,"column":null}},{"start":{},"end":{}}],"line":72},"7":{"loc":{"start":{"line":73,"column":2},"end":{"line":74,"column":null}},"type":"if","locations":[{"start":{"line":73,"column":2},"end":{"line":74,"column":null}},{"start":{},"end":{}}],"line":73},"8":{"loc":{"start":{"line":75,"column":2},"end":{"line":76,"column":null}},"type":"if","locations":[{"start":{"line":75,"column":2},"end":{"line":76,"column":null}},{"start":{},"end":{}}],"line":75},"9":{"loc":{"start":{"line":77,"column":2},"end":{"line":78,"column":null}},"type":"if","locations":[{"start":{"line":77,"column":2},"end":{"line":78,"column":null}},{"start":{},"end":{}}],"line":77},"10":{"loc":{"start":{"line":194,"column":4},"end":{"line":201,"column":null}},"type":"binary-expr","locations":[{"start":{"line":194,"column":4},"end":{"line":194,"column":null}},{"start":{"line":195,"column":4},"end":{"line":195,"column":null}},{"start":{"line":196,"column":4},"end":{"line":196,"column":null}},{"start":{"line":197,"column":4},"end":{"line":197,"column":null}},{"start":{"line":198,"column":5},"end":{"line":200,"column":null}},{"start":{"line":201,"column":6},"end":{"line":201,"column":null}}],"line":194},"11":{"loc":{"start":{"line":203,"column":4},"end":{"line":207,"column":null}},"type":"binary-expr","locations":[{"start":{"line":203,"column":4},"end":{"line":203,"column":null}},{"start":{"line":204,"column":4},"end":{"line":204,"column":null}},{"start":{"line":205,"column":4},"end":{"line":205,"column":null}},{"start":{"line":206,"column":4},"end":{"line":206,"column":null}},{"start":{"line":207,"column":4},"end":{"line":207,"column":null}}],"line":203},"12":{"loc":{"start":{"line":209,"column":4},"end":{"line":210,"column":null}},"type":"binary-expr","locations":[{"start":{"line":209,"column":4},"end":{"line":209,"column":null}},{"start":{"line":210,"column":4},"end":{"line":210,"column":null}}],"line":209},"13":{"loc":{"start":{"line":212,"column":4},"end":{"line":212,"column":null}},"type":"binary-expr","locations":[{"start":{"line":212,"column":4},"end":{"line":212,"column":45}},{"start":{"line":212,"column":45},"end":{"line":212,"column":null}}],"line":212},"14":{"loc":{"start":{"line":220,"column":2},"end":{"line":227,"column":null}},"type":"if","locations":[{"start":{"line":220,"column":2},"end":{"line":227,"column":null}},{"start":{},"end":{}}],"line":220},"15":{"loc":{"start":{"line":221,"column":4},"end":{"line":223,"column":null}},"type":"binary-expr","locations":[{"start":{"line":221,"column":4},"end":{"line":221,"column":null}},{"start":{"line":222,"column":4},"end":{"line":222,"column":null}},{"start":{"line":223,"column":4},"end":{"line":223,"column":null}}],"line":221},"16":{"loc":{"start":{"line":228,"column":2},"end":{"line":230,"column":null}},"type":"if","locations":[{"start":{"line":228,"column":2},"end":{"line":230,"column":null}},{"start":{},"end":{}}],"line":228},"17":{"loc":{"start":{"line":228,"column":6},"end":{"line":228,"column":72}},"type":"binary-expr","locations":[{"start":{"line":228,"column":6},"end":{"line":228,"column":27}},{"start":{"line":228,"column":27},"end":{"line":228,"column":57}},{"start":{"line":228,"column":57},"end":{"line":228,"column":72}}],"line":228},"18":{"loc":{"start":{"line":231,"column":2},"end":{"line":234,"column":null}},"type":"if","locations":[{"start":{"line":231,"column":2},"end":{"line":234,"column":null}},{"start":{},"end":{}}],"line":231},"19":{"loc":{"start":{"line":231,"column":6},"end":{"line":231,"column":54}},"type":"binary-expr","locations":[{"start":{"line":231,"column":6},"end":{"line":231,"column":23}},{"start":{"line":231,"column":23},"end":{"line":231,"column":54}}],"line":231},"20":{"loc":{"start":{"line":233,"column":4},"end":{"line":233,"column":null}},"type":"if","locations":[{"start":{"line":233,"column":4},"end":{"line":233,"column":null}},{"start":{},"end":{}}],"line":233},"21":{"loc":{"start":{"line":235,"column":2},"end":{"line":238,"column":null}},"type":"if","locations":[{"start":{"line":235,"column":2},"end":{"line":238,"column":null}},{"start":{},"end":{}}],"line":235},"22":{"loc":{"start":{"line":235,"column":6},"end":{"line":235,"column":58}},"type":"binary-expr","locations":[{"start":{"line":235,"column":6},"end":{"line":235,"column":23}},{"start":{"line":235,"column":23},"end":{"line":235,"column":58}}],"line":235},"23":{"loc":{"start":{"line":237,"column":4},"end":{"line":237,"column":null}},"type":"if","locations":[{"start":{"line":237,"column":4},"end":{"line":237,"column":null}},{"start":{},"end":{}}],"line":237},"24":{"loc":{"start":{"line":239,"column":2},"end":{"line":246,"column":null}},"type":"if","locations":[{"start":{"line":239,"column":2},"end":{"line":246,"column":null}},{"start":{},"end":{}}],"line":239},"25":{"loc":{"start":{"line":239,"column":6},"end":{"line":239,"column":54}},"type":"binary-expr","locations":[{"start":{"line":239,"column":6},"end":{"line":239,"column":23}},{"start":{"line":239,"column":23},"end":{"line":239,"column":54}}],"line":239},"26":{"loc":{"start":{"line":241,"column":4},"end":{"line":245,"column":null}},"type":"if","locations":[{"start":{"line":241,"column":4},"end":{"line":245,"column":null}},{"start":{},"end":{}}],"line":241},"27":{"loc":{"start":{"line":248,"column":2},"end":{"line":289,"column":null}},"type":"if","locations":[{"start":{"line":248,"column":2},"end":{"line":289,"column":null}},{"start":{},"end":{}}],"line":248},"28":{"loc":{"start":{"line":260,"column":6},"end":{"line":270,"column":null}},"type":"if","locations":[{"start":{"line":260,"column":6},"end":{"line":270,"column":null}},{"start":{},"end":{}}],"line":260},"29":{"loc":{"start":{"line":260,"column":10},"end":{"line":260,"column":21}},"type":"binary-expr","locations":[{"start":{"line":260,"column":10},"end":{"line":260,"column":15}},{"start":{"line":260,"column":15},"end":{"line":260,"column":21}}],"line":260},"30":{"loc":{"start":{"line":262,"column":8},"end":{"line":269,"column":null}},"type":"if","locations":[{"start":{"line":262,"column":8},"end":{"line":269,"column":null}},{"start":{},"end":{}}],"line":262},"31":{"loc":{"start":{"line":263,"column":10},"end":{"line":265,"column":null}},"type":"binary-expr","locations":[{"start":{"line":263,"column":10},"end":{"line":263,"column":null}},{"start":{"line":264,"column":10},"end":{"line":264,"column":null}},{"start":{"line":265,"column":10},"end":{"line":265,"column":null}}],"line":263},"32":{"loc":{"start":{"line":272,"column":4},"end":{"line":288,"column":null}},"type":"if","locations":[{"start":{"line":272,"column":4},"end":{"line":288,"column":null}},{"start":{},"end":{}}],"line":272},"33":{"loc":{"start":{"line":272,"column":8},"end":{"line":272,"column":36}},"type":"binary-expr","locations":[{"start":{"line":272,"column":8},"end":{"line":272,"column":18}},{"start":{"line":272,"column":18},"end":{"line":272,"column":36}}],"line":272},"34":{"loc":{"start":{"line":276,"column":8},"end":{"line":286,"column":null}},"type":"if","locations":[{"start":{"line":276,"column":8},"end":{"line":286,"column":null}},{"start":{},"end":{}}],"line":276},"35":{"loc":{"start":{"line":276,"column":12},"end":{"line":276,"column":73}},"type":"binary-expr","locations":[{"start":{"line":276,"column":12},"end":{"line":276,"column":33}},{"start":{"line":276,"column":33},"end":{"line":276,"column":53}},{"start":{"line":276,"column":53},"end":{"line":276,"column":73}}],"line":276},"36":{"loc":{"start":{"line":277,"column":10},"end":{"line":285,"column":null}},"type":"if","locations":[{"start":{"line":277,"column":10},"end":{"line":285,"column":null}},{"start":{},"end":{}}],"line":277},"37":{"loc":{"start":{"line":278,"column":12},"end":{"line":281,"column":null}},"type":"binary-expr","locations":[{"start":{"line":278,"column":12},"end":{"line":280,"column":null}},{"start":{"line":281,"column":12},"end":{"line":281,"column":null}}],"line":278},"38":{"loc":{"start":{"line":291,"column":2},"end":{"line":327,"column":null}},"type":"if","locations":[{"start":{"line":291,"column":2},"end":{"line":327,"column":null}},{"start":{},"end":{}}],"line":291},"39":{"loc":{"start":{"line":302,"column":6},"end":{"line":313,"column":null}},"type":"if","locations":[{"start":{"line":302,"column":6},"end":{"line":313,"column":null}},{"start":{},"end":{}}],"line":302},"40":{"loc":{"start":{"line":302,"column":10},"end":{"line":302,"column":21}},"type":"binary-expr","locations":[{"start":{"line":302,"column":10},"end":{"line":302,"column":15}},{"start":{"line":302,"column":15},"end":{"line":302,"column":21}}],"line":302},"41":{"loc":{"start":{"line":304,"column":8},"end":{"line":312,"column":null}},"type":"if","locations":[{"start":{"line":304,"column":8},"end":{"line":312,"column":null}},{"start":{},"end":{}}],"line":304},"42":{"loc":{"start":{"line":305,"column":10},"end":{"line":308,"column":null}},"type":"binary-expr","locations":[{"start":{"line":305,"column":10},"end":{"line":305,"column":null}},{"start":{"line":306,"column":10},"end":{"line":306,"column":null}},{"start":{"line":307,"column":10},"end":{"line":307,"column":null}},{"start":{"line":308,"column":10},"end":{"line":308,"column":null}}],"line":305},"43":{"loc":{"start":{"line":315,"column":4},"end":{"line":316,"column":null}},"type":"if","locations":[{"start":{"line":315,"column":4},"end":{"line":316,"column":null}},{"start":{},"end":{}}],"line":315},"44":{"loc":{"start":{"line":315,"column":8},"end":{"line":315,"column":null}},"type":"binary-expr","locations":[{"start":{"line":315,"column":8},"end":{"line":315,"column":23}},{"start":{"line":315,"column":23},"end":{"line":315,"column":44}},{"start":{"line":315,"column":44},"end":{"line":315,"column":null}}],"line":315},"45":{"loc":{"start":{"line":317,"column":4},"end":{"line":326,"column":null}},"type":"if","locations":[{"start":{"line":317,"column":4},"end":{"line":326,"column":null}},{"start":{},"end":{}}],"line":317},"46":{"loc":{"start":{"line":318,"column":6},"end":{"line":321,"column":null}},"type":"binary-expr","locations":[{"start":{"line":318,"column":6},"end":{"line":318,"column":null}},{"start":{"line":319,"column":6},"end":{"line":319,"column":null}},{"start":{"line":320,"column":6},"end":{"line":320,"column":null}},{"start":{"line":321,"column":6},"end":{"line":321,"column":null}}],"line":318},"47":{"loc":{"start":{"line":324,"column":6},"end":{"line":325,"column":null}},"type":"if","locations":[{"start":{"line":324,"column":6},"end":{"line":325,"column":null}},{"start":{},"end":{}}],"line":324},"48":{"loc":{"start":{"line":324,"column":10},"end":{"line":324,"column":null}},"type":"binary-expr","locations":[{"start":{"line":324,"column":10},"end":{"line":324,"column":20}},{"start":{"line":324,"column":20},"end":{"line":324,"column":null}}],"line":324},"49":{"loc":{"start":{"line":331,"column":4},"end":{"line":334,"column":null}},"type":"if","locations":[{"start":{"line":331,"column":4},"end":{"line":334,"column":null}},{"start":{},"end":{}}],"line":331},"50":{"loc":{"start":{"line":339,"column":4},"end":{"line":342,"column":null}},"type":"if","locations":[{"start":{"line":339,"column":4},"end":{"line":342,"column":null}},{"start":{},"end":{}}],"line":339},"51":{"loc":{"start":{"line":345,"column":2},"end":{"line":348,"column":null}},"type":"if","locations":[{"start":{"line":345,"column":2},"end":{"line":348,"column":null}},{"start":{},"end":{}}],"line":345},"52":{"loc":{"start":{"line":347,"column":4},"end":{"line":347,"column":null}},"type":"if","locations":[{"start":{"line":347,"column":4},"end":{"line":347,"column":null}},{"start":{},"end":{}}],"line":347},"53":{"loc":{"start":{"line":349,"column":2},"end":{"line":355,"column":null}},"type":"if","locations":[{"start":{"line":349,"column":2},"end":{"line":355,"column":null}},{"start":{},"end":{}}],"line":349},"54":{"loc":{"start":{"line":353,"column":4},"end":{"line":354,"column":null}},"type":"if","locations":[{"start":{"line":353,"column":4},"end":{"line":354,"column":null}},{"start":{},"end":{}}],"line":353},"55":{"loc":{"start":{"line":353,"column":8},"end":{"line":353,"column":null}},"type":"binary-expr","locations":[{"start":{"line":353,"column":8},"end":{"line":353,"column":21}},{"start":{"line":353,"column":21},"end":{"line":353,"column":null}}],"line":353},"56":{"loc":{"start":{"line":356,"column":2},"end":{"line":368,"column":null}},"type":"if","locations":[{"start":{"line":356,"column":2},"end":{"line":368,"column":null}},{"start":{},"end":{}}],"line":356},"57":{"loc":{"start":{"line":360,"column":4},"end":{"line":367,"column":null}},"type":"if","locations":[{"start":{"line":360,"column":4},"end":{"line":367,"column":null}},{"start":{},"end":{}}],"line":360},"58":{"loc":{"start":{"line":360,"column":8},"end":{"line":360,"column":33}},"type":"binary-expr","locations":[{"start":{"line":360,"column":8},"end":{"line":360,"column":20}},{"start":{"line":360,"column":20},"end":{"line":360,"column":33}}],"line":360},"59":{"loc":{"start":{"line":362,"column":6},"end":{"line":366,"column":null}},"type":"if","locations":[{"start":{"line":362,"column":6},"end":{"line":366,"column":null}},{"start":{},"end":{}}],"line":362},"60":{"loc":{"start":{"line":363,"column":8},"end":{"line":364,"column":null}},"type":"binary-expr","locations":[{"start":{"line":363,"column":8},"end":{"line":363,"column":null}},{"start":{"line":364,"column":8},"end":{"line":364,"column":null}}],"line":363},"61":{"loc":{"start":{"line":369,"column":2},"end":{"line":376,"column":null}},"type":"if","locations":[{"start":{"line":369,"column":2},"end":{"line":376,"column":null}},{"start":{},"end":{}}],"line":369},"62":{"loc":{"start":{"line":371,"column":4},"end":{"line":375,"column":null}},"type":"if","locations":[{"start":{"line":371,"column":4},"end":{"line":375,"column":null}},{"start":{},"end":{}}],"line":371},"63":{"loc":{"start":{"line":371,"column":8},"end":{"line":371,"column":37}},"type":"binary-expr","locations":[{"start":{"line":371,"column":8},"end":{"line":371,"column":22}},{"start":{"line":371,"column":22},"end":{"line":371,"column":37}}],"line":371},"64":{"loc":{"start":{"line":373,"column":6},"end":{"line":374,"column":null}},"type":"if","locations":[{"start":{"line":373,"column":6},"end":{"line":374,"column":null}},{"start":{},"end":{}}],"line":373},"65":{"loc":{"start":{"line":373,"column":10},"end":{"line":373,"column":null}},"type":"binary-expr","locations":[{"start":{"line":373,"column":10},"end":{"line":373,"column":46}},{"start":{"line":373,"column":46},"end":{"line":373,"column":null}}],"line":373},"66":{"loc":{"start":{"line":377,"column":2},"end":{"line":381,"column":null}},"type":"if","locations":[{"start":{"line":377,"column":2},"end":{"line":381,"column":null}},{"start":{},"end":{}}],"line":377},"67":{"loc":{"start":{"line":379,"column":4},"end":{"line":380,"column":null}},"type":"if","locations":[{"start":{"line":379,"column":4},"end":{"line":380,"column":null}},{"start":{},"end":{}}],"line":379},"68":{"loc":{"start":{"line":379,"column":8},"end":{"line":379,"column":null}},"type":"binary-expr","locations":[{"start":{"line":379,"column":8},"end":{"line":379,"column":25}},{"start":{"line":379,"column":25},"end":{"line":379,"column":null}}],"line":379},"69":{"loc":{"start":{"line":382,"column":2},"end":{"line":388,"column":null}},"type":"if","locations":[{"start":{"line":382,"column":2},"end":{"line":388,"column":null}},{"start":{},"end":{}}],"line":382},"70":{"loc":{"start":{"line":386,"column":4},"end":{"line":387,"column":null}},"type":"if","locations":[{"start":{"line":386,"column":4},"end":{"line":387,"column":null}},{"start":{},"end":{}}],"line":386},"71":{"loc":{"start":{"line":386,"column":8},"end":{"line":386,"column":null}},"type":"binary-expr","locations":[{"start":{"line":386,"column":8},"end":{"line":386,"column":25}},{"start":{"line":386,"column":25},"end":{"line":386,"column":null}}],"line":386},"72":{"loc":{"start":{"line":389,"column":2},"end":{"line":398,"column":null}},"type":"if","locations":[{"start":{"line":389,"column":2},"end":{"line":398,"column":null}},{"start":{},"end":{}}],"line":389},"73":{"loc":{"start":{"line":393,"column":4},"end":{"line":397,"column":null}},"type":"if","locations":[{"start":{"line":393,"column":4},"end":{"line":397,"column":null}},{"start":{},"end":{}}],"line":393},"74":{"loc":{"start":{"line":393,"column":8},"end":{"line":393,"column":72}},"type":"binary-expr","locations":[{"start":{"line":393,"column":8},"end":{"line":393,"column":25}},{"start":{"line":393,"column":25},"end":{"line":393,"column":72}}],"line":393},"75":{"loc":{"start":{"line":402,"column":4},"end":{"line":417,"column":null}},"type":"binary-expr","locations":[{"start":{"line":402,"column":4},"end":{"line":402,"column":null}},{"start":{"line":403,"column":4},"end":{"line":403,"column":null}},{"start":{"line":404,"column":4},"end":{"line":404,"column":null}},{"start":{"line":405,"column":4},"end":{"line":407,"column":null}},{"start":{"line":408,"column":4},"end":{"line":410,"column":null}},{"start":{"line":411,"column":4},"end":{"line":413,"column":null}},{"start":{"line":414,"column":4},"end":{"line":414,"column":null}},{"start":{"line":415,"column":4},"end":{"line":417,"column":null}}],"line":402},"76":{"loc":{"start":{"line":418,"column":2},"end":{"line":418,"column":null}},"type":"if","locations":[{"start":{"line":418,"column":2},"end":{"line":418,"column":null}},{"start":{},"end":{}}],"line":418},"77":{"loc":{"start":{"line":424,"column":4},"end":{"line":424,"column":null}},"type":"if","locations":[{"start":{"line":424,"column":4},"end":{"line":424,"column":null}},{"start":{},"end":{}}],"line":424},"78":{"loc":{"start":{"line":427,"column":4},"end":{"line":427,"column":null}},"type":"if","locations":[{"start":{"line":427,"column":4},"end":{"line":427,"column":null}},{"start":{},"end":{}}],"line":427},"79":{"loc":{"start":{"line":427,"column":8},"end":{"line":427,"column":64}},"type":"binary-expr","locations":[{"start":{"line":427,"column":8},"end":{"line":427,"column":48}},{"start":{"line":427,"column":48},"end":{"line":427,"column":64}}],"line":427},"80":{"loc":{"start":{"line":428,"column":4},"end":{"line":428,"column":null}},"type":"if","locations":[{"start":{"line":428,"column":4},"end":{"line":428,"column":null}},{"start":{},"end":{}}],"line":428},"81":{"loc":{"start":{"line":432,"column":4},"end":{"line":433,"column":null}},"type":"binary-expr","locations":[{"start":{"line":432,"column":4},"end":{"line":432,"column":null}},{"start":{"line":433,"column":4},"end":{"line":433,"column":null}}],"line":432},"82":{"loc":{"start":{"line":442,"column":2},"end":{"line":446,"column":null}},"type":"if","locations":[{"start":{"line":442,"column":2},"end":{"line":446,"column":null}},{"start":{},"end":{}}],"line":442},"83":{"loc":{"start":{"line":442,"column":6},"end":{"line":442,"column":39}},"type":"binary-expr","locations":[{"start":{"line":442,"column":6},"end":{"line":442,"column":22}},{"start":{"line":442,"column":22},"end":{"line":442,"column":39}}],"line":442},"84":{"loc":{"start":{"line":444,"column":4},"end":{"line":445,"column":null}},"type":"if","locations":[{"start":{"line":444,"column":4},"end":{"line":445,"column":null}},{"start":{},"end":{}}],"line":444},"85":{"loc":{"start":{"line":444,"column":8},"end":{"line":444,"column":null}},"type":"binary-expr","locations":[{"start":{"line":444,"column":8},"end":{"line":444,"column":31}},{"start":{"line":444,"column":31},"end":{"line":444,"column":null}}],"line":444},"86":{"loc":{"start":{"line":452,"column":4},"end":{"line":455,"column":null}},"type":"if","locations":[{"start":{"line":452,"column":4},"end":{"line":455,"column":null}},{"start":{},"end":{}}],"line":452},"87":{"loc":{"start":{"line":456,"column":4},"end":{"line":470,"column":null}},"type":"if","locations":[{"start":{"line":456,"column":4},"end":{"line":470,"column":null}},{"start":{},"end":{}}],"line":456},"88":{"loc":{"start":{"line":457,"column":6},"end":{"line":458,"column":null}},"type":"if","locations":[{"start":{"line":457,"column":6},"end":{"line":458,"column":null}},{"start":{},"end":{}}],"line":457},"89":{"loc":{"start":{"line":457,"column":10},"end":{"line":457,"column":null}},"type":"binary-expr","locations":[{"start":{"line":457,"column":10},"end":{"line":457,"column":39}},{"start":{"line":457,"column":39},"end":{"line":457,"column":null}}],"line":457},"90":{"loc":{"start":{"line":461,"column":6},"end":{"line":469,"column":null}},"type":"if","locations":[{"start":{"line":461,"column":6},"end":{"line":469,"column":null}},{"start":{},"end":{}}],"line":461},"91":{"loc":{"start":{"line":462,"column":8},"end":{"line":466,"column":null}},"type":"binary-expr","locations":[{"start":{"line":462,"column":8},"end":{"line":462,"column":null}},{"start":{"line":463,"column":8},"end":{"line":463,"column":null}},{"start":{"line":464,"column":8},"end":{"line":464,"column":null}},{"start":{"line":465,"column":8},"end":{"line":465,"column":null}},{"start":{"line":466,"column":8},"end":{"line":466,"column":null}}],"line":462},"92":{"loc":{"start":{"line":474,"column":4},"end":{"line":474,"column":null}},"type":"if","locations":[{"start":{"line":474,"column":4},"end":{"line":474,"column":null}},{"start":{},"end":{}}],"line":474},"93":{"loc":{"start":{"line":477,"column":4},"end":{"line":482,"column":null}},"type":"if","locations":[{"start":{"line":477,"column":4},"end":{"line":482,"column":null}},{"start":{},"end":{}}],"line":477},"94":{"loc":{"start":{"line":478,"column":6},"end":{"line":480,"column":null}},"type":"binary-expr","locations":[{"start":{"line":478,"column":6},"end":{"line":478,"column":null}},{"start":{"line":479,"column":6},"end":{"line":479,"column":null}},{"start":{"line":480,"column":6},"end":{"line":480,"column":null}}],"line":478},"95":{"loc":{"start":{"line":483,"column":4},"end":{"line":489,"column":null}},"type":"if","locations":[{"start":{"line":483,"column":4},"end":{"line":489,"column":null}},{"start":{},"end":{}}],"line":483},"96":{"loc":{"start":{"line":484,"column":6},"end":{"line":486,"column":null}},"type":"binary-expr","locations":[{"start":{"line":484,"column":6},"end":{"line":484,"column":null}},{"start":{"line":485,"column":6},"end":{"line":485,"column":null}},{"start":{"line":486,"column":6},"end":{"line":486,"column":null}}],"line":484},"97":{"loc":{"start":{"line":494,"column":4},"end":{"line":505,"column":null}},"type":"binary-expr","locations":[{"start":{"line":494,"column":4},"end":{"line":496,"column":null}},{"start":{"line":497,"column":4},"end":{"line":499,"column":null}},{"start":{"line":500,"column":4},"end":{"line":502,"column":null}},{"start":{"line":503,"column":4},"end":{"line":505,"column":null}}],"line":494},"98":{"loc":{"start":{"line":506,"column":2},"end":{"line":520,"column":null}},"type":"if","locations":[{"start":{"line":506,"column":2},"end":{"line":520,"column":null}},{"start":{},"end":{}}],"line":506},"99":{"loc":{"start":{"line":506,"column":6},"end":{"line":506,"column":31}},"type":"binary-expr","locations":[{"start":{"line":506,"column":6},"end":{"line":506,"column":18}},{"start":{"line":506,"column":18},"end":{"line":506,"column":31}}],"line":506},"100":{"loc":{"start":{"line":509,"column":21},"end":{"line":511,"column":null}},"type":"cond-expr","locations":[{"start":{"line":510,"column":8},"end":{"line":510,"column":null}},{"start":{"line":511,"column":8},"end":{"line":511,"column":null}}],"line":509},"101":{"loc":{"start":{"line":512,"column":4},"end":{"line":519,"column":null}},"type":"if","locations":[{"start":{"line":512,"column":4},"end":{"line":519,"column":null}},{"start":{},"end":{}}],"line":512},"102":{"loc":{"start":{"line":513,"column":6},"end":{"line":516,"column":null}},"type":"binary-expr","locations":[{"start":{"line":513,"column":6},"end":{"line":513,"column":null}},{"start":{"line":514,"column":6},"end":{"line":514,"column":null}},{"start":{"line":515,"column":6},"end":{"line":515,"column":null}},{"start":{"line":516,"column":6},"end":{"line":516,"column":null}}],"line":513},"103":{"loc":{"start":{"line":524,"column":2},"end":{"line":524,"column":null}},"type":"if","locations":[{"start":{"line":524,"column":2},"end":{"line":524,"column":null}},{"start":{},"end":{}}],"line":524},"104":{"loc":{"start":{"line":532,"column":12},"end":{"line":532,"column":null}},"type":"cond-expr","locations":[{"start":{"line":532,"column":33},"end":{"line":532,"column":61}},{"start":{"line":532,"column":61},"end":{"line":532,"column":null}}],"line":532},"105":{"loc":{"start":{"line":558,"column":11},"end":{"line":558,"column":null}},"type":"cond-expr","locations":[{"start":{"line":558,"column":39},"end":{"line":558,"column":69}},{"start":{"line":558,"column":69},"end":{"line":558,"column":null}}],"line":558},"106":{"loc":{"start":{"line":559,"column":17},"end":{"line":559,"column":null}},"type":"cond-expr","locations":[{"start":{"line":559,"column":46},"end":{"line":559,"column":75}},{"start":{"line":559,"column":75},"end":{"line":559,"column":null}}],"line":559}},"s":{"0":1,"1":17,"2":13,"3":4,"4":4,"5":17,"6":5,"7":5,"8":5,"9":5,"10":16,"11":28,"12":4,"13":0,"14":0,"15":0,"16":0,"17":0,"18":0,"19":13,"20":13,"21":0,"22":13,"23":1,"24":12,"25":0,"26":12,"27":0,"28":12,"29":0,"30":12,"31":0,"32":12,"33":1,"34":1,"35":1,"36":326,"37":1,"38":1,"39":15,"40":15,"41":53,"42":15,"43":15,"44":15,"45":15,"46":7,"47":15,"48":7,"49":15,"50":31,"51":15,"52":56,"53":15,"54":42,"55":15,"56":35,"57":15,"58":7,"59":7,"60":15,"61":0,"62":15,"63":2,"64":2,"65":2,"66":15,"67":1,"68":1,"69":1,"70":15,"71":2,"72":2,"73":2,"74":15,"75":8,"76":8,"77":47,"78":47,"79":2,"80":2,"81":2,"82":2,"83":8,"84":6,"85":6,"86":6,"87":6,"88":6,"89":5,"90":4,"91":4,"92":15,"93":8,"94":8,"95":48,"96":48,"97":0,"98":0,"99":0,"100":0,"101":8,"102":0,"103":8,"104":0,"105":0,"106":0,"107":15,"108":15,"109":71,"110":4,"111":4,"112":15,"113":15,"114":56,"115":2,"116":2,"117":15,"118":10,"119":25,"120":10,"121":0,"122":15,"123":10,"124":10,"125":0,"126":15,"127":10,"128":10,"129":2,"130":2,"131":2,"132":15,"133":8,"134":8,"135":0,"136":0,"137":0,"138":15,"139":8,"140":8,"141":0,"142":15,"143":8,"144":8,"145":0,"146":15,"147":8,"148":8,"149":1,"150":15,"151":15,"152":15,"153":3,"154":15,"155":15,"156":15,"157":15,"158":15,"159":1,"160":15,"161":990,"162":1,"163":989,"164":3,"165":15,"166":52,"167":15,"168":15,"169":15,"170":15,"171":2,"172":2,"173":1,"174":15,"175":15,"176":15,"177":52,"178":52,"179":52,"180":3,"181":3,"182":49,"183":13,"184":1,"185":12,"186":12,"187":12,"188":11,"189":15,"190":42,"191":2,"192":40,"193":40,"194":40,"195":1,"196":39,"197":36,"198":15,"199":15,"200":15,"201":11,"202":11,"203":11,"204":11,"205":3,"206":15,"207":15,"208":15,"209":2,"210":15,"211":15,"212":1},"f":{"0":17,"1":28,"2":0,"3":13,"4":326,"5":15,"6":53,"7":7,"8":7,"9":31,"10":56,"11":42,"12":35,"13":25,"14":52,"15":1},"b":{"0":[13,4],"1":[3,1],"2":[4,12],"3":[0,0],"4":[0,13],"5":[1,12],"6":[0,12],"7":[0,12],"8":[0,12],"9":[0,12],"10":[7,7,7,7,7,4],"11":[7,7,7,7,7],"12":[31,0],"13":[56,4],"14":[7,8],"15":[15,7,7],"16":[0,15],"17":[15,6,0],"18":[2,13],"19":[15,15],"20":[2,0],"21":[1,14],"22":[15,13],"23":[1,0],"24":[2,13],"25":[15,12],"26":[2,0],"27":[8,7],"28":[2,45],"29":[47,2],"30":[2,0],"31":[2,2,2],"32":[6,2],"33":[8,6],"34":[5,1],"35":[6,6,6],"36":[4,1],"37":[5,5],"38":[8,7],"39":[0,48],"40":[48,0],"41":[0,0],"42":[0,0,0,0],"43":[0,8],"44":[8,8,0],"45":[0,8],"46":[8,8,0,0],"47":[0,0],"48":[0,0],"49":[4,67],"50":[2,54],"51":[10,5],"52":[0,10],"53":[10,5],"54":[0,10],"55":[10,0],"56":[10,5],"57":[2,8],"58":[10,2],"59":[2,0],"60":[2,2],"61":[8,7],"62":[0,8],"63":[8,0],"64":[0,0],"65":[0,0],"66":[8,7],"67":[0,8],"68":[8,0],"69":[8,7],"70":[0,8],"71":[8,0],"72":[8,7],"73":[1,7],"74":[8,1],"75":[15,14,14,14,12,12,12,12],"76":[3,12],"77":[1,14],"78":[1,989],"79":[990,66],"80":[3,986],"81":[52,50],"82":[2,13],"83":[15,2],"84":[1,1],"85":[2,2],"86":[3,49],"87":[13,36],"88":[1,12],"89":[13,1],"90":[11,1],"91":[12,11,11,11,11],"92":[2,40],"93":[1,39],"94":[40,39,39],"95":[36,3],"96":[39,39,38],"97":[15,14,12,12],"98":[11,4],"99":[15,11],"100":[11,0],"101":[3,8],"102":[11,9,9,9],"103":[2,13],"104":[13,2],"105":[1,0],"106":[1,0]},"meta":{"lastBranch":107,"lastFunction":16,"lastStatement":213,"seen":{"s:22:73:34:Infinity":0,"f:36:16:36:35":0,"b:37:2:37:Infinity:undefined:undefined:undefined:undefined":0,"s:37:2:37:Infinity":1,"s:37:12:37:Infinity":2,"s:39:18:39:Infinity":3,"s:40:21:42:Infinity":4,"b:41:6:41:Infinity:42:6:42:Infinity":1,"s:44:2:56:Infinity":5,"s:45:4:55:Infinity":6,"s:46:21:46:Infinity":7,"s:47:19:47:Infinity":8,"s:48:6:52:Infinity":9,"b:49:8:51:Infinity:undefined:undefined:undefined:undefined":2,"s:49:8:51:Infinity":10,"f:49:29:49:30":1,"s:49:44:49:68":11,"s:50:10:50:Infinity":12,"s:58:19:58:Infinity":13,"s:59:2:63:Infinity":14,"b:60:4:62:Infinity:undefined:undefined:undefined:undefined":3,"s:60:4:62:Infinity":15,"f:60:25:60:26":2,"s:60:40:60:68":16,"s:61:6:61:Infinity":17,"s:65:2:65:Infinity":18,"f:68:9:68:29":3,"s:69:16:69:Infinity":19,"b:70:2:70:Infinity:undefined:undefined:undefined:undefined":4,"s:70:2:70:Infinity":20,"s:70:52:70:Infinity":21,"b:71:2:71:Infinity:undefined:undefined:undefined:undefined":5,"s:71:2:71:Infinity":22,"s:71:34:71:Infinity":23,"b:72:2:72:Infinity:undefined:undefined:undefined:undefined":6,"s:72:2:72:Infinity":24,"s:72:32:72:Infinity":25,"b:73:2:74:Infinity:undefined:undefined:undefined:undefined":7,"s:73:2:74:Infinity":26,"s:74:4:74:Infinity":27,"b:75:2:76:Infinity:undefined:undefined:undefined:undefined":8,"s:75:2:76:Infinity":28,"s:76:4:76:Infinity":29,"b:77:2:78:Infinity:undefined:undefined:undefined:undefined":9,"s:77:2:78:Infinity":30,"s:78:4:78:Infinity":31,"s:79:2:79:Infinity":32,"s:82:36:149:Infinity":33,"s:151:35:151:Infinity":34,"s:154:35:157:Infinity":35,"f:157:7:157:8":4,"s:157:17:157:41":36,"s:159:68:166:Infinity":37,"s:168:72:180:Infinity":38,"f:182:16:182:37":5,"s:183:15:183:Infinity":39,"s:184:16:187:Infinity":40,"f:186:9:186:10":6,"s:186:16:186:24":41,"s:189:14:189:Infinity":42,"s:190:19:190:Infinity":43,"s:191:21:191:Infinity":44,"s:193:28:201:Infinity":45,"f:193:28:193:29":7,"s:194:4:201:Infinity":46,"b:194:4:194:Infinity:195:4:195:Infinity:196:4:196:Infinity:197:4:197:Infinity:198:5:200:Infinity:201:6:201:Infinity":10,"s:202:27:207:Infinity":47,"f:202:27:202:28":8,"s:203:4:207:Infinity":48,"b:203:4:203:Infinity:204:4:204:Infinity:205:4:205:Infinity:206:4:206:Infinity:207:4:207:Infinity":11,"s:208:27:210:Infinity":49,"f:208:27:208:28":9,"s:209:4:210:Infinity":50,"b:209:4:209:Infinity:210:4:210:Infinity":12,"s:211:28:212:Infinity":51,"f:211:28:211:29":10,"s:212:4:212:Infinity":52,"b:212:4:212:45:212:45:212:Infinity":13,"s:213:32:216:Infinity":53,"f:213:32:213:33":11,"s:214:4:216:Infinity":54,"s:217:28:218:Infinity":55,"f:217:28:217:29":12,"s:218:4:218:Infinity":56,"b:220:2:227:Infinity:undefined:undefined:undefined:undefined":14,"s:220:2:227:Infinity":57,"b:221:4:221:Infinity:222:4:222:Infinity:223:4:223:Infinity":15,"s:225:4:225:Infinity":58,"s:226:4:226:Infinity":59,"b:228:2:230:Infinity:undefined:undefined:undefined:undefined":16,"s:228:2:230:Infinity":60,"b:228:6:228:27:228:27:228:57:228:57:228:72":17,"s:229:4:229:Infinity":61,"b:231:2:234:Infinity:undefined:undefined:undefined:undefined":18,"s:231:2:234:Infinity":62,"b:231:6:231:23:231:23:231:54":19,"s:232:21:232:Infinity":63,"b:233:4:233:Infinity:undefined:undefined:undefined:undefined":20,"s:233:4:233:Infinity":64,"s:233:18:233:Infinity":65,"b:235:2:238:Infinity:undefined:undefined:undefined:undefined":21,"s:235:2:238:Infinity":66,"b:235:6:235:23:235:23:235:58":22,"s:236:25:236:Infinity":67,"b:237:4:237:Infinity:undefined:undefined:undefined:undefined":23,"s:237:4:237:Infinity":68,"s:237:22:237:Infinity":69,"b:239:2:246:Infinity:undefined:undefined:undefined:undefined":24,"s:239:2:246:Infinity":70,"b:239:6:239:23:239:23:239:54":25,"s:240:25:240:Infinity":71,"b:241:4:245:Infinity:undefined:undefined:undefined:undefined":26,"s:241:4:245:Infinity":72,"s:242:6:244:Infinity":73,"b:248:2:289:Infinity:undefined:undefined:undefined:undefined":27,"s:248:2:289:Infinity":74,"s:249:26:257:Infinity":75,"s:258:4:271:Infinity":76,"s:259:16:259:Infinity":77,"b:260:6:270:Infinity:undefined:undefined:undefined:undefined":28,"s:260:6:270:Infinity":78,"b:260:10:260:15:260:15:260:21":29,"s:261:20:261:Infinity":79,"b:262:8:269:Infinity:undefined:undefined:undefined:undefined":30,"s:262:8:269:Infinity":80,"b:263:10:263:Infinity:264:10:264:Infinity:265:10:265:Infinity":31,"s:267:10:267:Infinity":81,"s:268:10:268:Infinity":82,"b:272:4:288:Infinity:undefined:undefined:undefined:undefined":32,"s:272:4:288:Infinity":83,"b:272:8:272:18:272:18:272:36":33,"s:273:20:273:Infinity":84,"s:274:6:287:Infinity":85,"s:274:19:274:22":86,"s:275:21:275:Infinity":87,"b:276:8:286:Infinity:undefined:undefined:undefined:undefined":34,"s:276:8:286:Infinity":88,"b:276:12:276:33:276:33:276:53:276:53:276:73":35,"b:277:10:285:Infinity:undefined:undefined:undefined:undefined":36,"s:277:10:285:Infinity":89,"b:278:12:280:Infinity:281:12:281:Infinity":37,"s:283:12:283:Infinity":90,"s:284:12:284:Infinity":91,"b:291:2:327:Infinity:undefined:undefined:undefined:undefined":38,"s:291:2:327:Infinity":92,"s:292:31:299:Infinity":93,"s:300:4:314:Infinity":94,"s:301:16:301:Infinity":95,"b:302:6:313:Infinity:undefined:undefined:undefined:undefined":39,"s:302:6:313:Infinity":96,"b:302:10:302:15:302:15:302:21":40,"s:303:20:303:Infinity":97,"b:304:8:312:Infinity:undefined:undefined:undefined:undefined":41,"s:304:8:312:Infinity":98,"b:305:10:305:Infinity:306:10:306:Infinity:307:10:307:Infinity:308:10:308:Infinity":42,"s:310:10:310:Infinity":99,"s:311:10:311:Infinity":100,"b:315:4:316:Infinity:undefined:undefined:undefined:undefined":43,"s:315:4:316:Infinity":101,"b:315:8:315:23:315:23:315:44:315:44:315:Infinity":44,"s:316:6:316:Infinity":102,"b:317:4:326:Infinity:undefined:undefined:undefined:undefined":45,"s:317:4:326:Infinity":103,"b:318:6:318:Infinity:319:6:319:Infinity:320:6:320:Infinity:321:6:321:Infinity":46,"s:323:6:323:Infinity":104,"b:324:6:325:Infinity:undefined:undefined:undefined:undefined":47,"s:324:6:325:Infinity":105,"b:324:10:324:20:324:20:324:Infinity":48,"s:325:8:325:Infinity":106,"s:329:33:329:Infinity":107,"s:330:2:335:Infinity":108,"b:331:4:334:Infinity:undefined:undefined:undefined:undefined":49,"s:331:4:334:Infinity":109,"s:332:6:332:Infinity":110,"s:333:6:333:Infinity":111,"s:337:33:337:Infinity":112,"s:338:2:343:Infinity":113,"b:339:4:342:Infinity:undefined:undefined:undefined:undefined":50,"s:339:4:342:Infinity":114,"s:340:6:340:Infinity":115,"s:341:6:341:Infinity":116,"b:345:2:348:Infinity:undefined:undefined:undefined:undefined":51,"s:345:2:348:Infinity":117,"s:346:21:346:Infinity":118,"f:346:32:346:33":13,"s:346:39:346:58":119,"b:347:4:347:Infinity:undefined:undefined:undefined:undefined":52,"s:347:4:347:Infinity":120,"s:347:18:347:Infinity":121,"b:349:2:355:Infinity:undefined:undefined:undefined:undefined":53,"s:349:2:355:Infinity":122,"s:350:22:352:Infinity":123,"b:353:4:354:Infinity:undefined:undefined:undefined:undefined":54,"s:353:4:354:Infinity":124,"b:353:8:353:21:353:21:353:Infinity":55,"s:354:6:354:Infinity":125,"b:356:2:368:Infinity:undefined:undefined:undefined:undefined":56,"s:356:2:368:Infinity":126,"s:357:21:359:Infinity":127,"b:360:4:367:Infinity:undefined:undefined:undefined:undefined":57,"s:360:4:367:Infinity":128,"b:360:8:360:20:360:20:360:33":58,"s:361:18:361:Infinity":129,"b:362:6:366:Infinity:undefined:undefined:undefined:undefined":59,"s:362:6:366:Infinity":130,"b:363:8:363:Infinity:364:8:364:Infinity":60,"s:366:8:366:Infinity":131,"b:369:2:376:Infinity:undefined:undefined:undefined:undefined":61,"s:369:2:376:Infinity":132,"s:370:23:370:Infinity":133,"b:371:4:375:Infinity:undefined:undefined:undefined:undefined":62,"s:371:4:375:Infinity":134,"b:371:8:371:22:371:22:371:37":63,"s:372:18:372:Infinity":135,"b:373:6:374:Infinity:undefined:undefined:undefined:undefined":64,"s:373:6:374:Infinity":136,"b:373:10:373:46:373:46:373:Infinity":65,"s:374:8:374:Infinity":137,"b:377:2:381:Infinity:undefined:undefined:undefined:undefined":66,"s:377:2:381:Infinity":138,"s:378:26:378:Infinity":139,"b:379:4:380:Infinity:undefined:undefined:undefined:undefined":67,"s:379:4:380:Infinity":140,"b:379:8:379:25:379:25:379:Infinity":68,"s:380:6:380:Infinity":141,"b:382:2:388:Infinity:undefined:undefined:undefined:undefined":69,"s:382:2:388:Infinity":142,"s:383:26:385:Infinity":143,"b:386:4:387:Infinity:undefined:undefined:undefined:undefined":70,"s:386:4:387:Infinity":144,"b:386:8:386:25:386:25:386:Infinity":71,"s:387:6:387:Infinity":145,"b:389:2:398:Infinity:undefined:undefined:undefined:undefined":72,"s:389:2:398:Infinity":146,"s:390:26:392:Infinity":147,"b:393:4:397:Infinity:undefined:undefined:undefined:undefined":73,"s:393:4:397:Infinity":148,"b:393:8:393:25:393:25:393:72":74,"s:394:6:396:Infinity":149,"s:400:24:400:Infinity":150,"s:402:4:417:Infinity":151,"b:402:4:402:Infinity:403:4:403:Infinity:404:4:404:Infinity:405:4:407:Infinity:408:4:410:Infinity:411:4:413:Infinity:414:4:414:Infinity:415:4:417:Infinity":75,"b:418:2:418:Infinity:undefined:undefined:undefined:undefined":76,"s:418:2:418:Infinity":152,"s:418:16:418:Infinity":153,"s:420:32:420:Infinity":154,"s:421:21:421:Infinity":155,"s:422:2:425:Infinity":156,"s:423:15:423:Infinity":157,"b:424:4:424:Infinity:undefined:undefined:undefined:undefined":77,"s:424:4:424:Infinity":158,"s:424:29:424:Infinity":159,"s:426:2:429:Infinity":160,"b:427:4:427:Infinity:undefined:undefined:undefined:undefined":78,"s:427:4:427:Infinity":161,"b:427:8:427:48:427:48:427:64":79,"s:427:64:427:Infinity":162,"b:428:4:428:Infinity:undefined:undefined:undefined:undefined":80,"s:428:4:428:Infinity":163,"s:428:57:428:Infinity":164,"s:431:23:433:Infinity":165,"f:431:23:431:24":14,"s:432:4:433:Infinity":166,"b:432:4:432:Infinity:433:4:433:Infinity":81,"s:435:4:435:Infinity":167,"s:437:31:437:Infinity":168,"s:439:23:441:Infinity":169,"b:442:2:446:Infinity:undefined:undefined:undefined:undefined":82,"s:442:2:446:Infinity":170,"b:442:6:442:22:442:22:442:39":83,"s:443:20:443:Infinity":171,"b:444:4:445:Infinity:undefined:undefined:undefined:undefined":84,"s:444:4:445:Infinity":172,"b:444:8:444:31:444:31:444:Infinity":85,"s:445:6:445:Infinity":173,"s:448:20:448:Infinity":174,"s:449:2:471:Infinity":175,"s:449:15:449:18":176,"s:450:17:450:Infinity":177,"s:451:18:451:Infinity":178,"b:452:4:455:Infinity:undefined:undefined:undefined:undefined":86,"s:452:4:455:Infinity":179,"s:453:6:453:Infinity":180,"s:454:6:454:Infinity":181,"b:456:4:470:Infinity:undefined:undefined:undefined:undefined":87,"s:456:4:470:Infinity":182,"b:457:6:458:Infinity:undefined:undefined:undefined:undefined":88,"s:457:6:458:Infinity":183,"b:457:10:457:39:457:39:457:Infinity":89,"s:458:8:458:Infinity":184,"s:459:19:459:Infinity":185,"s:460:6:460:Infinity":186,"b:461:6:469:Infinity:undefined:undefined:undefined:undefined":90,"s:461:6:469:Infinity":187,"b:462:8:462:Infinity:463:8:463:Infinity:464:8:464:Infinity:465:8:465:Infinity:466:8:466:Infinity":91,"s:468:8:468:Infinity":188,"s:473:2:490:Infinity":189,"b:474:4:474:Infinity:undefined:undefined:undefined:undefined":92,"s:474:4:474:Infinity":190,"s:474:32:474:Infinity":191,"s:475:17:475:Infinity":192,"s:476:4:476:Infinity":193,"b:477:4:482:Infinity:undefined:undefined:undefined:undefined":93,"s:477:4:482:Infinity":194,"b:478:6:478:Infinity:479:6:479:Infinity:480:6:480:Infinity":94,"s:482:6:482:Infinity":195,"b:483:4:489:Infinity:undefined:undefined:undefined:undefined":95,"s:483:4:489:Infinity":196,"b:484:6:484:Infinity:485:6:485:Infinity:486:6:486:Infinity":96,"s:488:6:488:Infinity":197,"s:492:28:492:Infinity":198,"s:494:4:505:Infinity":199,"b:494:4:496:Infinity:497:4:499:Infinity:500:4:502:Infinity:503:4:505:Infinity":97,"b:506:2:520:Infinity:undefined:undefined:undefined:undefined":98,"s:506:2:520:Infinity":200,"b:506:6:506:18:506:18:506:31":99,"s:507:16:507:Infinity":201,"s:508:21:508:Infinity":202,"s:509:21:511:Infinity":203,"b:510:8:510:Infinity:511:8:511:Infinity":100,"b:512:4:519:Infinity:undefined:undefined:undefined:undefined":101,"s:512:4:519:Infinity":204,"b:513:6:513:Infinity:514:6:514:Infinity:515:6:515:Infinity:516:6:516:Infinity":102,"s:518:6:518:Infinity":205,"s:522:24:522:Infinity":206,"s:523:19:523:Infinity":207,"b:524:2:524:Infinity:undefined:undefined:undefined:undefined":103,"s:524:2:524:Infinity":208,"s:524:16:524:Infinity":209,"s:525:17:525:Infinity":210,"s:527:2:539:Infinity":211,"b:532:33:532:61:532:61:532:Infinity":104,"f:542:16:542:Infinity":15,"s:545:2:560:Infinity":212,"b:558:39:558:69:558:69:558:Infinity":105,"b:559:46:559:75:559:75:559:Infinity":106}}}
}
