{"C:\\Users\\Olivia\\Desktop\\PlanMyJob\\plan-my-job\\src\\components\\CandidaturesFilters\\CandidaturesFilters.css": {"path":"C:\\Users\\Olivia\\Desktop\\PlanMyJob\\plan-my-job\\src\\components\\CandidaturesFilters\\CandidaturesFilters.css","statementMap":{},"fnMap":{},"branchMap":{},"s":{},"f":{},"b":{},"meta":{"lastBranch":0,"lastFunction":0,"lastStatement":0,"seen":{}}}
,"C:\\Users\\Olivia\\Desktop\\PlanMyJob\\plan-my-job\\src\\components\\CandidaturesFilters\\CandidaturesFilters.tsx": {"path":"C:\\Users\\Olivia\\Desktop\\PlanMyJob\\plan-my-job\\src\\components\\CandidaturesFilters\\CandidaturesFilters.tsx","statementMap":{"0":{"start":{"line":6,"column":74},"end":{"line":12,"column":null}},"1":{"start":{"line":14,"column":57},"end":{"line":20,"column":null}},"2":{"start":{"line":16,"column":42},"end":{"line":19,"column":4}},"3":{"start":{"line":33,"column":2},"end":{"line":50,"column":null}},"4":{"start":{"line":34,"column":14},"end":{"line":34,"column":null}},"5":{"start":{"line":35,"column":4},"end":{"line":40,"column":null}},"6":{"start":{"line":37,"column":8},"end":{"line":38,"column":null}},"7":{"start":{"line":39,"column":6},"end":{"line":39,"column":null}},"8":{"start":{"line":39,"column":21},"end":{"line":39,"column":null}},"9":{"start":{"line":41,"column":4},"end":{"line":42,"column":null}},"10":{"start":{"line":42,"column":6},"end":{"line":42,"column":null}},"11":{"start":{"line":43,"column":4},"end":{"line":44,"column":null}},"12":{"start":{"line":44,"column":6},"end":{"line":44,"column":null}},"13":{"start":{"line":45,"column":4},"end":{"line":48,"column":null}},"14":{"start":{"line":46,"column":16},"end":{"line":46,"column":null}},"15":{"start":{"line":47,"column":6},"end":{"line":47,"column":null}},"16":{"start":{"line":47,"column":64},"end":{"line":47,"column":null}},"17":{"start":{"line":49,"column":4},"end":{"line":49,"column":null}},"18":{"start":{"line":78,"column":38},"end":{"line":78,"column":null}},"19":{"start":{"line":80,"column":39},"end":{"line":83,"column":null}},"20":{"start":{"line":82,"column":26},"end":{"line":82,"column":49}},"21":{"start":{"line":85,"column":2},"end":{"line":153,"column":null}},"22":{"start":{"line":101,"column":29},"end":{"line":101,"column":null}},"23":{"start":{"line":117,"column":27},"end":{"line":117,"column":null}}},"fnMap":{"0":{"name":"(anonymous_0)","decl":{"start":{"line":16,"column":31},"end":{"line":16,"column":32}},"loc":{"start":{"line":16,"column":42},"end":{"line":19,"column":4}},"line":16},"1":{"name":"filterCandidaturesByFilters","decl":{"start":{"line":29,"column":16},"end":{"line":29,"column":null}},"loc":{"start":{"line":32,"column":17},"end":{"line":51,"column":null}},"line":32},"2":{"name":"(anonymous_2)","decl":{"start":{"line":33,"column":21},"end":{"line":33,"column":22}},"loc":{"start":{"line":33,"column":28},"end":{"line":50,"column":3}},"line":33},"3":{"name":"CandidaturesFilters","decl":{"start":{"line":66,"column":9},"end":{"line":66,"column":29}},"loc":{"start":{"line":77,"column":29},"end":{"line":155,"column":null}},"line":77},"4":{"name":"(anonymous_4)","decl":{"start":{"line":82,"column":18},"end":{"line":82,"column":19}},"loc":{"start":{"line":82,"column":26},"end":{"line":82,"column":49}},"line":82},"5":{"name":"(anonymous_5)","decl":{"start":{"line":101,"column":22},"end":{"line":101,"column":23}},"loc":{"start":{"line":101,"column":29},"end":{"line":101,"column":null}},"line":101},"6":{"name":"(anonymous_6)","decl":{"start":{"line":117,"column":20},"end":{"line":117,"column":21}},"loc":{"start":{"line":117,"column":27},"end":{"line":117,"column":null}},"line":117}},"branchMap":{"0":{"loc":{"start":{"line":35,"column":4},"end":{"line":40,"column":null}},"type":"if","locations":[{"start":{"line":35,"column":4},"end":{"line":40,"column":null}},{"start":{},"end":{}}],"line":35},"1":{"loc":{"start":{"line":37,"column":8},"end":{"line":38,"column":null}},"type":"binary-expr","locations":[{"start":{"line":37,"column":8},"end":{"line":37,"column":null}},{"start":{"line":38,"column":8},"end":{"line":38,"column":null}}],"line":37},"2":{"loc":{"start":{"line":39,"column":6},"end":{"line":39,"column":null}},"type":"if","locations":[{"start":{"line":39,"column":6},"end":{"line":39,"column":null}},{"start":{},"end":{}}],"line":39},"3":{"loc":{"start":{"line":41,"column":4},"end":{"line":42,"column":null}},"type":"if","locations":[{"start":{"line":41,"column":4},"end":{"line":42,"column":null}},{"start":{},"end":{}}],"line":41},"4":{"loc":{"start":{"line":41,"column":8},"end":{"line":41,"column":null}},"type":"binary-expr","locations":[{"start":{"line":41,"column":8},"end":{"line":41,"column":31}},{"start":{"line":41,"column":31},"end":{"line":41,"column":null}}],"line":41},"5":{"loc":{"start":{"line":43,"column":4},"end":{"line":44,"column":null}},"type":"if","locations":[{"start":{"line":43,"column":4},"end":{"line":44,"column":null}},{"start":{},"end":{}}],"line":43},"6":{"loc":{"start":{"line":43,"column":8},"end":{"line":43,"column":null}},"type":"binary-expr","locations":[{"start":{"line":43,"column":8},"end":{"line":43,"column":26}},{"start":{"line":43,"column":16},"end":{"line":43,"column":null}}],"line":43},"7":{"loc":{"start":{"line":43,"column":26},"end":{"line":43,"column":48}},"type":"binary-expr","locations":[{"start":{"line":43,"column":26},"end":{"line":43,"column":44}},{"start":{"line":43,"column":44},"end":{"line":43,"column":48}}],"line":43},"8":{"loc":{"start":{"line":45,"column":4},"end":{"line":48,"column":null}},"type":"if","locations":[{"start":{"line":45,"column":4},"end":{"line":48,"column":null}},{"start":{},"end":{}}],"line":45},"9":{"loc":{"start":{"line":47,"column":6},"end":{"line":47,"column":null}},"type":"if","locations":[{"start":{"line":47,"column":6},"end":{"line":47,"column":null}},{"start":{},"end":{}}],"line":47},"10":{"loc":{"start":{"line":47,"column":10},"end":{"line":47,"column":64}},"type":"binary-expr","locations":[{"start":{"line":47,"column":10},"end":{"line":47,"column":39}},{"start":{"line":47,"column":39},"end":{"line":47,"column":64}}],"line":47}},"s":{"0":2,"1":2,"2":10,"3":25,"4":34,"5":34,"6":7,"7":7,"8":6,"9":28,"10":0,"11":28,"12":0,"13":28,"14":0,"15":0,"16":0,"17":28,"18":19,"19":19,"20":0,"21":19,"22":4,"23":0},"f":{"0":10,"1":25,"2":34,"3":19,"4":0,"5":4,"6":0},"b":{"0":[7,27],"1":[7,6],"2":[6,1],"3":[0,28],"4":[28,0],"5":[0,28],"6":[28,0],"7":[0,0],"8":[0,28],"9":[0,0],"10":[0,0]},"meta":{"lastBranch":11,"lastFunction":7,"lastStatement":24,"seen":{"s:6:74:12:Infinity":0,"s:14:57:20:Infinity":1,"f:16:31:16:32":0,"s:16:42:19:4":2,"f:29:16:29:Infinity":1,"s:33:2:50:Infinity":3,"f:33:21:33:22":2,"s:34:14:34:Infinity":4,"b:35:4:40:Infinity:undefined:undefined:undefined:undefined":0,"s:35:4:40:Infinity":5,"s:37:8:38:Infinity":6,"b:37:8:37:Infinity:38:8:38:Infinity":1,"b:39:6:39:Infinity:undefined:undefined:undefined:undefined":2,"s:39:6:39:Infinity":7,"s:39:21:39:Infinity":8,"b:41:4:42:Infinity:undefined:undefined:undefined:undefined":3,"s:41:4:42:Infinity":9,"b:41:8:41:31:41:31:41:Infinity":4,"s:42:6:42:Infinity":10,"b:43:4:44:Infinity:undefined:undefined:undefined:undefined":5,"s:43:4:44:Infinity":11,"b:43:8:43:26:43:16:43:Infinity":6,"b:43:26:43:44:43:44:43:48":7,"s:44:6:44:Infinity":12,"b:45:4:48:Infinity:undefined:undefined:undefined:undefined":8,"s:45:4:48:Infinity":13,"s:46:16:46:Infinity":14,"b:47:6:47:Infinity:undefined:undefined:undefined:undefined":9,"s:47:6:47:Infinity":15,"b:47:10:47:39:47:39:47:64":10,"s:47:64:47:Infinity":16,"s:49:4:49:Infinity":17,"f:66:9:66:29":3,"s:78:38:78:Infinity":18,"s:80:39:83:Infinity":19,"f:82:18:82:19":4,"s:82:26:82:49":20,"s:85:2:153:Infinity":21,"f:101:22:101:23":5,"s:101:29:101:Infinity":22,"f:117:20:117:21":6,"s:117:27:117:Infinity":23}}}
,"C:\\Users\\Olivia\\Desktop\\PlanMyJob\\plan-my-job\\src\\components\\Pagination\\Pagination.css": {"path":"C:\\Users\\Olivia\\Desktop\\PlanMyJob\\plan-my-job\\src\\components\\Pagination\\Pagination.css","statementMap":{},"fnMap":{},"branchMap":{},"s":{},"f":{},"b":{},"meta":{"lastBranch":0,"lastFunction":0,"lastStatement":0,"seen":{}}}
,"C:\\Users\\Olivia\\Desktop\\PlanMyJob\\plan-my-job\\src\\components\\Pagination\\Pagination.tsx": {"path":"C:\\Users\\Olivia\\Desktop\\PlanMyJob\\plan-my-job\\src\\components\\Pagination\\Pagination.tsx","statementMap":{"0":{"start":{"line":20,"column":2},"end":{"line":20,"column":null}},"1":{"start":{"line":20,"column":23},"end":{"line":20,"column":null}},"2":{"start":{"line":22,"column":2},"end":{"line":48,"column":null}},"3":{"start":{"line":31,"column":23},"end":{"line":31,"column":null}},"4":{"start":{"line":43,"column":23},"end":{"line":43,"column":null}}},"fnMap":{"0":{"name":"Pagination","decl":{"start":{"line":14,"column":16},"end":{"line":14,"column":27}},"loc":{"start":{"line":19,"column":20},"end":{"line":50,"column":null}},"line":19},"1":{"name":"(anonymous_1)","decl":{"start":{"line":31,"column":17},"end":{"line":31,"column":23}},"loc":{"start":{"line":31,"column":23},"end":{"line":31,"column":null}},"line":31},"2":{"name":"(anonymous_2)","decl":{"start":{"line":43,"column":17},"end":{"line":43,"column":23}},"loc":{"start":{"line":43,"column":23},"end":{"line":43,"column":null}},"line":43}},"branchMap":{"0":{"loc":{"start":{"line":18,"column":2},"end":{"line":18,"column":null}},"type":"default-arg","locations":[{"start":{"line":18,"column":14},"end":{"line":18,"column":null}}],"line":18},"1":{"loc":{"start":{"line":20,"column":2},"end":{"line":20,"column":null}},"type":"if","locations":[{"start":{"line":20,"column":2},"end":{"line":20,"column":null}},{"start":{},"end":{}}],"line":20}},"s":{"0":62,"1":58,"2":4,"3":0,"4":2},"f":{"0":62,"1":0,"2":2},"b":{"0":[62],"1":[58,4]},"meta":{"lastBranch":2,"lastFunction":3,"lastStatement":5,"seen":{"f:14:16:14:27":0,"b:18:14:18:Infinity":0,"b:20:2:20:Infinity:undefined:undefined:undefined:undefined":1,"s:20:2:20:Infinity":0,"s:20:23:20:Infinity":1,"s:22:2:48:Infinity":2,"f:31:17:31:23":1,"s:31:23:31:Infinity":3,"f:43:17:43:23":2,"s:43:23:43:Infinity":4}}}
,"C:\\Users\\Olivia\\Desktop\\PlanMyJob\\plan-my-job\\src\\components\\Select\\Select.css": {"path":"C:\\Users\\Olivia\\Desktop\\PlanMyJob\\plan-my-job\\src\\components\\Select\\Select.css","statementMap":{},"fnMap":{},"branchMap":{},"s":{},"f":{},"b":{},"meta":{"lastBranch":0,"lastFunction":0,"lastStatement":0,"seen":{}}}
,"C:\\Users\\Olivia\\Desktop\\PlanMyJob\\plan-my-job\\src\\components\\Select\\Select.tsx": {"path":"C:\\Users\\Olivia\\Desktop\\PlanMyJob\\plan-my-job\\src\\components\\Select\\Select.tsx","statementMap":{"0":{"start":{"line":33,"column":23},"end":{"line":33,"column":null}},"1":{"start":{"line":34,"column":38},"end":{"line":34,"column":null}},"2":{"start":{"line":35,"column":17},"end":{"line":35,"column":null}},"3":{"start":{"line":36,"column":18},"end":{"line":39,"column":null}},"4":{"start":{"line":37,"column":4},"end":{"line":38,"column":null}},"5":{"start":{"line":37,"column":22},"end":{"line":37,"column":null}},"6":{"start":{"line":38,"column":9},"end":{"line":38,"column":null}},"7":{"start":{"line":41,"column":8},"end":{"line":41,"column":null}},"8":{"start":{"line":43,"column":2},"end":{"line":62,"column":null}},"9":{"start":{"line":44,"column":4},"end":{"line":44,"column":null}},"10":{"start":{"line":44,"column":17},"end":{"line":44,"column":null}},"11":{"start":{"line":46,"column":6},"end":{"line":51,"column":null}},"12":{"start":{"line":50,"column":8},"end":{"line":50,"column":null}},"13":{"start":{"line":54,"column":6},"end":{"line":54,"column":null}},"14":{"start":{"line":54,"column":30},"end":{"line":54,"column":null}},"15":{"start":{"line":56,"column":4},"end":{"line":56,"column":null}},"16":{"start":{"line":57,"column":4},"end":{"line":57,"column":null}},"17":{"start":{"line":58,"column":4},"end":{"line":61,"column":null}},"18":{"start":{"line":59,"column":6},"end":{"line":59,"column":null}},"19":{"start":{"line":60,"column":6},"end":{"line":60,"column":null}},"20":{"start":{"line":64,"column":24},"end":{"line":64,"column":null}},"21":{"start":{"line":64,"column":44},"end":{"line":64,"column":61}},"22":{"start":{"line":66,"column":2},"end":{"line":118,"column":null}},"23":{"start":{"line":85,"column":23},"end":{"line":85,"column":null}},"24":{"start":{"line":103,"column":12},"end":{"line":114,"column":null}},"25":{"start":{"line":109,"column":16},"end":{"line":109,"column":null}},"26":{"start":{"line":110,"column":16},"end":{"line":110,"column":null}}},"fnMap":{"0":{"name":"Select","decl":{"start":{"line":22,"column":16},"end":{"line":22,"column":23}},"loc":{"start":{"line":32,"column":16},"end":{"line":120,"column":null}},"line":32},"1":{"name":"(anonymous_1)","decl":{"start":{"line":36,"column":18},"end":{"line":36,"column":19}},"loc":{"start":{"line":36,"column":37},"end":{"line":39,"column":null}},"line":36},"2":{"name":"(anonymous_2)","decl":{"start":{"line":43,"column":12},"end":{"line":43,"column":18}},"loc":{"start":{"line":43,"column":18},"end":{"line":62,"column":5}},"line":43},"3":{"name":"handleClickOutside","decl":{"start":{"line":45,"column":13},"end":{"line":45,"column":32}},"loc":{"start":{"line":45,"column":47},"end":{"line":52,"column":null}},"line":45},"4":{"name":"handleEscape","decl":{"start":{"line":53,"column":13},"end":{"line":53,"column":26}},"loc":{"start":{"line":53,"column":44},"end":{"line":55,"column":null}},"line":53},"5":{"name":"(anonymous_5)","decl":{"start":{"line":58,"column":11},"end":{"line":58,"column":17}},"loc":{"start":{"line":58,"column":17},"end":{"line":61,"column":null}},"line":58},"6":{"name":"(anonymous_6)","decl":{"start":{"line":64,"column":37},"end":{"line":64,"column":38}},"loc":{"start":{"line":64,"column":44},"end":{"line":64,"column":61}},"line":64},"7":{"name":"(anonymous_7)","decl":{"start":{"line":85,"column":17},"end":{"line":85,"column":23}},"loc":{"start":{"line":85,"column":23},"end":{"line":85,"column":null}},"line":85},"8":{"name":"(anonymous_8)","decl":{"start":{"line":102,"column":23},"end":{"line":102,"column":24}},"loc":{"start":{"line":103,"column":12},"end":{"line":114,"column":null}},"line":103},"9":{"name":"(anonymous_9)","decl":{"start":{"line":108,"column":23},"end":{"line":108,"column":29}},"loc":{"start":{"line":108,"column":29},"end":{"line":111,"column":null}},"line":108}},"branchMap":{"0":{"loc":{"start":{"line":33,"column":23},"end":{"line":33,"column":null}},"type":"binary-expr","locations":[{"start":{"line":33,"column":23},"end":{"line":33,"column":47}},{"start":{"line":33,"column":47},"end":{"line":33,"column":null}}],"line":33},"1":{"loc":{"start":{"line":35,"column":17},"end":{"line":35,"column":null}},"type":"cond-expr","locations":[{"start":{"line":35,"column":32},"end":{"line":35,"column":48}},{"start":{"line":35,"column":48},"end":{"line":35,"column":null}}],"line":35},"2":{"loc":{"start":{"line":37,"column":4},"end":{"line":38,"column":null}},"type":"if","locations":[{"start":{"line":37,"column":4},"end":{"line":38,"column":null}},{"start":{"line":38,"column":9},"end":{"line":38,"column":null}}],"line":37},"3":{"loc":{"start":{"line":37,"column":35},"end":{"line":37,"column":51}},"type":"cond-expr","locations":[{"start":{"line":37,"column":42},"end":{"line":37,"column":47}},{"start":{"line":37,"column":47},"end":{"line":37,"column":51}}],"line":37},"4":{"loc":{"start":{"line":44,"column":4},"end":{"line":44,"column":null}},"type":"if","locations":[{"start":{"line":44,"column":4},"end":{"line":44,"column":null}},{"start":{},"end":{}}],"line":44},"5":{"loc":{"start":{"line":46,"column":6},"end":{"line":51,"column":null}},"type":"if","locations":[{"start":{"line":46,"column":6},"end":{"line":51,"column":null}},{"start":{},"end":{}}],"line":46},"6":{"loc":{"start":{"line":47,"column":8},"end":{"line":48,"column":null}},"type":"binary-expr","locations":[{"start":{"line":47,"column":8},"end":{"line":47,"column":null}},{"start":{"line":48,"column":8},"end":{"line":48,"column":null}}],"line":47},"7":{"loc":{"start":{"line":54,"column":6},"end":{"line":54,"column":null}},"type":"if","locations":[{"start":{"line":54,"column":6},"end":{"line":54,"column":null}},{"start":{},"end":{}}],"line":54},"8":{"loc":{"start":{"line":64,"column":24},"end":{"line":64,"column":null}},"type":"binary-expr","locations":[{"start":{"line":64,"column":24},"end":{"line":64,"column":73}},{"start":{"line":64,"column":73},"end":{"line":64,"column":null}}],"line":64},"9":{"loc":{"start":{"line":69,"column":33},"end":{"line":69,"column":52}},"type":"binary-expr","locations":[{"start":{"line":69,"column":33},"end":{"line":69,"column":50}},{"start":{"line":69,"column":50},"end":{"line":69,"column":52}}],"line":69},"10":{"loc":{"start":{"line":89,"column":40},"end":{"line":89,"column":77}},"type":"cond-expr","locations":[{"start":{"line":89,"column":49},"end":{"line":89,"column":75}},{"start":{"line":89,"column":75},"end":{"line":89,"column":77}}],"line":89},"11":{"loc":{"start":{"line":95,"column":7},"end":{"line":116,"column":null}},"type":"binary-expr","locations":[{"start":{"line":95,"column":7},"end":{"line":95,"column":null}},{"start":{"line":96,"column":8},"end":{"line":116,"column":null}}],"line":95},"12":{"loc":{"start":{"line":107,"column":43},"end":{"line":107,"column":96}},"type":"cond-expr","locations":[{"start":{"line":107,"column":65},"end":{"line":107,"column":94}},{"start":{"line":107,"column":94},"end":{"line":107,"column":96}}],"line":107},"13":{"loc":{"start":{"line":107,"column":100},"end":{"line":107,"column":121}},"type":"binary-expr","locations":[{"start":{"line":107,"column":100},"end":{"line":107,"column":119}},{"start":{"line":107,"column":119},"end":{"line":107,"column":121}}],"line":107},"14":{"loc":{"start":{"line":104,"column":19},"end":{"line":104,"column":null}},"type":"binary-expr","locations":[{"start":{"line":104,"column":19},"end":{"line":104,"column":32}},{"start":{"line":104,"column":32},"end":{"line":104,"column":null}}],"line":104}},"s":{"0":72,"1":72,"2":72,"3":72,"4":0,"5":0,"6":0,"7":72,"8":72,"9":23,"10":23,"11":0,"12":0,"13":0,"14":0,"15":0,"16":0,"17":0,"18":0,"19":0,"20":72,"21":72,"22":72,"23":0,"24":0,"25":0,"26":0},"f":{"0":72,"1":0,"2":23,"3":0,"4":0,"5":0,"6":72,"7":0,"8":0,"9":0},"b":{"0":[72,57],"1":[57,15],"2":[0,0],"3":[0,0],"4":[23,0],"5":[0,0],"6":[0,0],"7":[0,0],"8":[72,0],"9":[72,38],"10":[0,72],"11":[72,0],"12":[0,0],"13":[0,0],"14":[0,0]},"meta":{"lastBranch":15,"lastFunction":10,"lastStatement":27,"seen":{"f:22:16:22:23":0,"s:33:23:33:Infinity":0,"b:33:23:33:47:33:47:33:Infinity":0,"s:34:38:34:Infinity":1,"s:35:17:35:Infinity":2,"b:35:32:35:48:35:48:35:Infinity":1,"s:36:18:39:Infinity":3,"f:36:18:36:19":1,"b:37:4:38:Infinity:38:9:38:Infinity":2,"s:37:4:38:Infinity":4,"s:37:22:37:Infinity":5,"b:37:42:37:47:37:47:37:51":3,"s:38:9:38:Infinity":6,"s:41:8:41:Infinity":7,"s:43:2:62:Infinity":8,"f:43:12:43:18":2,"b:44:4:44:Infinity:undefined:undefined:undefined:undefined":4,"s:44:4:44:Infinity":9,"s:44:17:44:Infinity":10,"f:45:13:45:32":3,"b:46:6:51:Infinity:undefined:undefined:undefined:undefined":5,"s:46:6:51:Infinity":11,"b:47:8:47:Infinity:48:8:48:Infinity":6,"s:50:8:50:Infinity":12,"f:53:13:53:26":4,"b:54:6:54:Infinity:undefined:undefined:undefined:undefined":7,"s:54:6:54:Infinity":13,"s:54:30:54:Infinity":14,"s:56:4:56:Infinity":15,"s:57:4:57:Infinity":16,"s:58:4:61:Infinity":17,"f:58:11:58:17":5,"s:59:6:59:Infinity":18,"s:60:6:60:Infinity":19,"s:64:24:64:Infinity":20,"b:64:24:64:73:64:73:64:Infinity":8,"f:64:37:64:38":6,"s:64:44:64:61":21,"s:66:2:118:Infinity":22,"b:69:33:69:50:69:50:69:52":9,"f:85:17:85:23":7,"s:85:23:85:Infinity":23,"b:89:49:89:75:89:75:89:77":10,"b:95:7:95:Infinity:96:8:116:Infinity":11,"f:102:23:102:24":8,"s:103:12:114:Infinity":24,"b:107:65:107:94:107:94:107:96":12,"b:107:100:107:119:107:119:107:121":13,"f:108:23:108:29":9,"s:109:16:109:Infinity":25,"s:110:16:110:Infinity":26,"b:104:19:104:32:104:32:104:Infinity":14}}}
,"C:\\Users\\Olivia\\Desktop\\PlanMyJob\\plan-my-job\\src\\lib\\candidatures.ts": {"path":"C:\\Users\\Olivia\\Desktop\\PlanMyJob\\plan-my-job\\src\\lib\\candidatures.ts","statementMap":{"0":{"start":{"line":40,"column":2},"end":{"line":63,"column":null}},"1":{"start":{"line":69,"column":26},"end":{"line":73,"column":null}},"2":{"start":{"line":75,"column":2},"end":{"line":75,"column":null}},"3":{"start":{"line":75,"column":13},"end":{"line":75,"column":null}},"4":{"start":{"line":76,"column":2},"end":{"line":76,"column":null}},"5":{"start":{"line":83,"column":26},"end":{"line":88,"column":null}},"6":{"start":{"line":90,"column":2},"end":{"line":90,"column":null}},"7":{"start":{"line":90,"column":13},"end":{"line":90,"column":null}},"8":{"start":{"line":91,"column":2},"end":{"line":91,"column":null}},"9":{"start":{"line":98,"column":8},"end":{"line":98,"column":null}},"10":{"start":{"line":99,"column":14},"end":{"line":121,"column":null}},"11":{"start":{"line":123,"column":26},"end":{"line":127,"column":null}},"12":{"start":{"line":129,"column":2},"end":{"line":129,"column":null}},"13":{"start":{"line":129,"column":13},"end":{"line":129,"column":null}},"14":{"start":{"line":130,"column":2},"end":{"line":130,"column":null}},"15":{"start":{"line":158,"column":39},"end":{"line":158,"column":null}},"16":{"start":{"line":159,"column":2},"end":{"line":159,"column":null}},"17":{"start":{"line":159,"column":36},"end":{"line":159,"column":null}},"18":{"start":{"line":160,"column":2},"end":{"line":160,"column":null}},"19":{"start":{"line":160,"column":41},"end":{"line":160,"column":null}},"20":{"start":{"line":161,"column":2},"end":{"line":162,"column":null}},"21":{"start":{"line":162,"column":4},"end":{"line":162,"column":null}},"22":{"start":{"line":163,"column":2},"end":{"line":163,"column":null}},"23":{"start":{"line":163,"column":35},"end":{"line":163,"column":null}},"24":{"start":{"line":164,"column":2},"end":{"line":165,"column":null}},"25":{"start":{"line":165,"column":4},"end":{"line":165,"column":null}},"26":{"start":{"line":166,"column":2},"end":{"line":167,"column":null}},"27":{"start":{"line":167,"column":4},"end":{"line":167,"column":null}},"28":{"start":{"line":168,"column":2},"end":{"line":169,"column":null}},"29":{"start":{"line":169,"column":4},"end":{"line":169,"column":null}},"30":{"start":{"line":170,"column":2},"end":{"line":170,"column":null}},"31":{"start":{"line":170,"column":41},"end":{"line":170,"column":null}},"32":{"start":{"line":171,"column":2},"end":{"line":171,"column":null}},"33":{"start":{"line":171,"column":41},"end":{"line":171,"column":null}},"34":{"start":{"line":172,"column":2},"end":{"line":172,"column":null}},"35":{"start":{"line":172,"column":36},"end":{"line":172,"column":null}},"36":{"start":{"line":173,"column":2},"end":{"line":174,"column":null}},"37":{"start":{"line":174,"column":4},"end":{"line":174,"column":null}},"38":{"start":{"line":175,"column":2},"end":{"line":176,"column":null}},"39":{"start":{"line":176,"column":4},"end":{"line":176,"column":null}},"40":{"start":{"line":177,"column":2},"end":{"line":177,"column":null}},"41":{"start":{"line":177,"column":35},"end":{"line":177,"column":null}},"42":{"start":{"line":178,"column":2},"end":{"line":178,"column":null}},"43":{"start":{"line":178,"column":41},"end":{"line":178,"column":null}},"44":{"start":{"line":179,"column":2},"end":{"line":179,"column":null}},"45":{"start":{"line":179,"column":40},"end":{"line":179,"column":null}},"46":{"start":{"line":180,"column":2},"end":{"line":181,"column":null}},"47":{"start":{"line":181,"column":4},"end":{"line":181,"column":null}},"48":{"start":{"line":182,"column":2},"end":{"line":183,"column":null}},"49":{"start":{"line":183,"column":4},"end":{"line":183,"column":null}},"50":{"start":{"line":184,"column":2},"end":{"line":185,"column":null}},"51":{"start":{"line":185,"column":4},"end":{"line":185,"column":null}},"52":{"start":{"line":186,"column":2},"end":{"line":186,"column":null}},"53":{"start":{"line":186,"column":37},"end":{"line":186,"column":null}},"54":{"start":{"line":187,"column":2},"end":{"line":187,"column":null}},"55":{"start":{"line":195,"column":12},"end":{"line":195,"column":null}},"56":{"start":{"line":197,"column":8},"end":{"line":197,"column":null}},"57":{"start":{"line":198,"column":2},"end":{"line":212,"column":null}},"58":{"start":{"line":199,"column":20},"end":{"line":199,"column":null}},"59":{"start":{"line":200,"column":4},"end":{"line":211,"column":null}},"60":{"start":{"line":201,"column":6},"end":{"line":202,"column":null}},"61":{"start":{"line":202,"column":8},"end":{"line":202,"column":null}},"62":{"start":{"line":203,"column":6},"end":{"line":204,"column":null}},"63":{"start":{"line":204,"column":8},"end":{"line":204,"column":null}},"64":{"start":{"line":205,"column":6},"end":{"line":206,"column":null}},"65":{"start":{"line":206,"column":8},"end":{"line":206,"column":null}},"66":{"start":{"line":207,"column":6},"end":{"line":208,"column":null}},"67":{"start":{"line":208,"column":8},"end":{"line":208,"column":null}},"68":{"start":{"line":209,"column":6},"end":{"line":210,"column":null}},"69":{"start":{"line":210,"column":8},"end":{"line":210,"column":null}},"70":{"start":{"line":214,"column":2},"end":{"line":218,"column":null}},"71":{"start":{"line":215,"column":18},"end":{"line":215,"column":null}},"72":{"start":{"line":216,"column":4},"end":{"line":216,"column":null}},"73":{"start":{"line":216,"column":16},"end":{"line":216,"column":null}},"74":{"start":{"line":217,"column":4},"end":{"line":217,"column":null}},"75":{"start":{"line":220,"column":26},"end":{"line":226,"column":null}},"76":{"start":{"line":228,"column":2},"end":{"line":228,"column":null}},"77":{"start":{"line":228,"column":13},"end":{"line":228,"column":null}},"78":{"start":{"line":229,"column":2},"end":{"line":229,"column":null}},"79":{"start":{"line":236,"column":20},"end":{"line":240,"column":null}},"80":{"start":{"line":242,"column":2},"end":{"line":242,"column":null}},"81":{"start":{"line":242,"column":13},"end":{"line":242,"column":null}}},"fnMap":{"0":{"name":"rowToCandidature","decl":{"start":{"line":39,"column":9},"end":{"line":39,"column":26}},"loc":{"start":{"line":39,"column":60},"end":{"line":64,"column":null}},"line":39},"1":{"name":"fetchCandidatures","decl":{"start":{"line":66,"column":22},"end":{"line":66,"column":null}},"loc":{"start":{"line":68,"column":26},"end":{"line":77,"column":null}},"line":68},"2":{"name":"fetchCandidature","decl":{"start":{"line":79,"column":22},"end":{"line":79,"column":null}},"loc":{"start":{"line":82,"column":31},"end":{"line":92,"column":null}},"line":82},"3":{"name":"insertCandidature","decl":{"start":{"line":94,"column":22},"end":{"line":94,"column":null}},"loc":{"start":{"line":97,"column":24},"end":{"line":131,"column":null}},"line":97},"4":{"name":"payloadToRow","decl":{"start":{"line":155,"column":9},"end":{"line":155,"column":null}},"loc":{"start":{"line":157,"column":27},"end":{"line":188,"column":null}},"line":157},"5":{"name":"updateCandidature","decl":{"start":{"line":190,"column":22},"end":{"line":190,"column":null}},"loc":{"start":{"line":194,"column":24},"end":{"line":230,"column":null}},"line":194},"6":{"name":"deleteCandidature","decl":{"start":{"line":232,"column":22},"end":{"line":232,"column":null}},"loc":{"start":{"line":235,"column":17},"end":{"line":243,"column":null}},"line":235}},"branchMap":{"0":{"loc":{"start":{"line":44,"column":15},"end":{"line":44,"column":null}},"type":"binary-expr","locations":[{"start":{"line":44,"column":15},"end":{"line":44,"column":33}},{"start":{"line":44,"column":33},"end":{"line":44,"column":null}}],"line":44},"1":{"loc":{"start":{"line":46,"column":18},"end":{"line":46,"column":null}},"type":"binary-expr","locations":[{"start":{"line":46,"column":18},"end":{"line":46,"column":69}},{"start":{"line":46,"column":69},"end":{"line":46,"column":null}}],"line":46},"2":{"loc":{"start":{"line":47,"column":21},"end":{"line":47,"column":null}},"type":"binary-expr","locations":[{"start":{"line":47,"column":21},"end":{"line":47,"column":45}},{"start":{"line":47,"column":45},"end":{"line":47,"column":null}}],"line":47},"3":{"loc":{"start":{"line":48,"column":15},"end":{"line":48,"column":null}},"type":"binary-expr","locations":[{"start":{"line":48,"column":15},"end":{"line":48,"column":59}},{"start":{"line":48,"column":59},"end":{"line":48,"column":null}}],"line":48},"4":{"loc":{"start":{"line":49,"column":11},"end":{"line":49,"column":null}},"type":"binary-expr","locations":[{"start":{"line":49,"column":11},"end":{"line":49,"column":24}},{"start":{"line":49,"column":24},"end":{"line":49,"column":null}}],"line":49},"5":{"loc":{"start":{"line":50,"column":18},"end":{"line":50,"column":null}},"type":"binary-expr","locations":[{"start":{"line":50,"column":18},"end":{"line":50,"column":38}},{"start":{"line":50,"column":38},"end":{"line":50,"column":null}}],"line":50},"6":{"loc":{"start":{"line":51,"column":18},"end":{"line":51,"column":null}},"type":"binary-expr","locations":[{"start":{"line":51,"column":18},"end":{"line":51,"column":69}},{"start":{"line":51,"column":69},"end":{"line":51,"column":null}}],"line":51},"7":{"loc":{"start":{"line":52,"column":18},"end":{"line":52,"column":null}},"type":"binary-expr","locations":[{"start":{"line":52,"column":18},"end":{"line":52,"column":68}},{"start":{"line":52,"column":68},"end":{"line":52,"column":null}}],"line":52},"8":{"loc":{"start":{"line":53,"column":13},"end":{"line":53,"column":null}},"type":"binary-expr","locations":[{"start":{"line":53,"column":13},"end":{"line":53,"column":53}},{"start":{"line":53,"column":53},"end":{"line":53,"column":null}}],"line":53},"9":{"loc":{"start":{"line":54,"column":21},"end":{"line":54,"column":null}},"type":"binary-expr","locations":[{"start":{"line":54,"column":21},"end":{"line":54,"column":45}},{"start":{"line":54,"column":45},"end":{"line":54,"column":null}}],"line":54},"10":{"loc":{"start":{"line":55,"column":25},"end":{"line":55,"column":null}},"type":"binary-expr","locations":[{"start":{"line":55,"column":25},"end":{"line":55,"column":54}},{"start":{"line":55,"column":54},"end":{"line":55,"column":null}}],"line":55},"11":{"loc":{"start":{"line":56,"column":17},"end":{"line":56,"column":null}},"type":"binary-expr","locations":[{"start":{"line":56,"column":17},"end":{"line":56,"column":36}},{"start":{"line":56,"column":36},"end":{"line":56,"column":null}}],"line":56},"12":{"loc":{"start":{"line":58,"column":16},"end":{"line":58,"column":null}},"type":"binary-expr","locations":[{"start":{"line":58,"column":16},"end":{"line":58,"column":36}},{"start":{"line":58,"column":36},"end":{"line":58,"column":null}}],"line":58},"13":{"loc":{"start":{"line":59,"column":19},"end":{"line":59,"column":null}},"type":"binary-expr","locations":[{"start":{"line":59,"column":19},"end":{"line":59,"column":42}},{"start":{"line":59,"column":42},"end":{"line":59,"column":null}}],"line":59},"14":{"loc":{"start":{"line":60,"column":26},"end":{"line":60,"column":null}},"type":"binary-expr","locations":[{"start":{"line":60,"column":26},"end":{"line":60,"column":56}},{"start":{"line":60,"column":56},"end":{"line":60,"column":null}}],"line":60},"15":{"loc":{"start":{"line":61,"column":22},"end":{"line":61,"column":null}},"type":"binary-expr","locations":[{"start":{"line":61,"column":22},"end":{"line":61,"column":48}},{"start":{"line":61,"column":48},"end":{"line":61,"column":null}}],"line":61},"16":{"loc":{"start":{"line":62,"column":13},"end":{"line":62,"column":null}},"type":"binary-expr","locations":[{"start":{"line":62,"column":13},"end":{"line":62,"column":29}},{"start":{"line":62,"column":29},"end":{"line":62,"column":null}}],"line":62},"17":{"loc":{"start":{"line":75,"column":2},"end":{"line":75,"column":null}},"type":"if","locations":[{"start":{"line":75,"column":2},"end":{"line":75,"column":null}},{"start":{},"end":{}}],"line":75},"18":{"loc":{"start":{"line":90,"column":2},"end":{"line":90,"column":null}},"type":"if","locations":[{"start":{"line":90,"column":2},"end":{"line":90,"column":null}},{"start":{},"end":{}}],"line":90},"19":{"loc":{"start":{"line":91,"column":9},"end":{"line":91,"column":null}},"type":"cond-expr","locations":[{"start":{"line":91,"column":16},"end":{"line":91,"column":59}},{"start":{"line":91,"column":59},"end":{"line":91,"column":null}}],"line":91},"20":{"loc":{"start":{"line":103,"column":16},"end":{"line":103,"column":null}},"type":"binary-expr","locations":[{"start":{"line":103,"column":16},"end":{"line":103,"column":41}},{"start":{"line":103,"column":41},"end":{"line":103,"column":null}}],"line":103},"21":{"loc":{"start":{"line":106,"column":22},"end":{"line":106,"column":null}},"type":"binary-expr","locations":[{"start":{"line":106,"column":22},"end":{"line":106,"column":46}},{"start":{"line":106,"column":46},"end":{"line":106,"column":null}}],"line":106},"22":{"loc":{"start":{"line":108,"column":11},"end":{"line":108,"column":null}},"type":"binary-expr","locations":[{"start":{"line":108,"column":11},"end":{"line":108,"column":32}},{"start":{"line":108,"column":32},"end":{"line":108,"column":null}}],"line":108},"23":{"loc":{"start":{"line":109,"column":18},"end":{"line":109,"column":null}},"type":"binary-expr","locations":[{"start":{"line":109,"column":18},"end":{"line":109,"column":46}},{"start":{"line":109,"column":46},"end":{"line":109,"column":null}}],"line":109},"24":{"loc":{"start":{"line":114,"column":27},"end":{"line":114,"column":null}},"type":"binary-expr","locations":[{"start":{"line":114,"column":27},"end":{"line":114,"column":62}},{"start":{"line":114,"column":62},"end":{"line":114,"column":null}}],"line":114},"25":{"loc":{"start":{"line":115,"column":17},"end":{"line":115,"column":null}},"type":"binary-expr","locations":[{"start":{"line":115,"column":17},"end":{"line":115,"column":44}},{"start":{"line":115,"column":44},"end":{"line":115,"column":null}}],"line":115},"26":{"loc":{"start":{"line":116,"column":18},"end":{"line":116,"column":null}},"type":"cond-expr","locations":[{"start":{"line":116,"column":48},"end":{"line":116,"column":54}},{"start":{"line":116,"column":54},"end":{"line":116,"column":null}}],"line":116},"27":{"loc":{"start":{"line":117,"column":21},"end":{"line":117,"column":null}},"type":"cond-expr","locations":[{"start":{"line":117,"column":54},"end":{"line":117,"column":60}},{"start":{"line":117,"column":60},"end":{"line":117,"column":null}}],"line":117},"28":{"loc":{"start":{"line":118,"column":28},"end":{"line":118,"column":null}},"type":"cond-expr","locations":[{"start":{"line":118,"column":68},"end":{"line":118,"column":74}},{"start":{"line":118,"column":74},"end":{"line":118,"column":null}}],"line":118},"29":{"loc":{"start":{"line":119,"column":24},"end":{"line":119,"column":null}},"type":"cond-expr","locations":[{"start":{"line":119,"column":60},"end":{"line":119,"column":66}},{"start":{"line":119,"column":66},"end":{"line":119,"column":null}}],"line":119},"30":{"loc":{"start":{"line":120,"column":14},"end":{"line":120,"column":null}},"type":"cond-expr","locations":[{"start":{"line":120,"column":40},"end":{"line":120,"column":46}},{"start":{"line":120,"column":46},"end":{"line":120,"column":null}}],"line":120},"31":{"loc":{"start":{"line":129,"column":2},"end":{"line":129,"column":null}},"type":"if","locations":[{"start":{"line":129,"column":2},"end":{"line":129,"column":null}},{"start":{},"end":{}}],"line":129},"32":{"loc":{"start":{"line":159,"column":2},"end":{"line":159,"column":null}},"type":"if","locations":[{"start":{"line":159,"column":2},"end":{"line":159,"column":null}},{"start":{},"end":{}}],"line":159},"33":{"loc":{"start":{"line":160,"column":2},"end":{"line":160,"column":null}},"type":"if","locations":[{"start":{"line":160,"column":2},"end":{"line":160,"column":null}},{"start":{},"end":{}}],"line":160},"34":{"loc":{"start":{"line":161,"column":2},"end":{"line":162,"column":null}},"type":"if","locations":[{"start":{"line":161,"column":2},"end":{"line":162,"column":null}},{"start":{},"end":{}}],"line":161},"35":{"loc":{"start":{"line":163,"column":2},"end":{"line":163,"column":null}},"type":"if","locations":[{"start":{"line":163,"column":2},"end":{"line":163,"column":null}},{"start":{},"end":{}}],"line":163},"36":{"loc":{"start":{"line":164,"column":2},"end":{"line":165,"column":null}},"type":"if","locations":[{"start":{"line":164,"column":2},"end":{"line":165,"column":null}},{"start":{},"end":{}}],"line":164},"37":{"loc":{"start":{"line":165,"column":21},"end":{"line":165,"column":null}},"type":"binary-expr","locations":[{"start":{"line":165,"column":21},"end":{"line":165,"column":49}},{"start":{"line":165,"column":49},"end":{"line":165,"column":null}}],"line":165},"38":{"loc":{"start":{"line":166,"column":2},"end":{"line":167,"column":null}},"type":"if","locations":[{"start":{"line":166,"column":2},"end":{"line":167,"column":null}},{"start":{},"end":{}}],"line":166},"39":{"loc":{"start":{"line":167,"column":27},"end":{"line":167,"column":null}},"type":"binary-expr","locations":[{"start":{"line":167,"column":27},"end":{"line":167,"column":54}},{"start":{"line":167,"column":54},"end":{"line":167,"column":null}}],"line":167},"40":{"loc":{"start":{"line":168,"column":2},"end":{"line":169,"column":null}},"type":"if","locations":[{"start":{"line":168,"column":2},"end":{"line":169,"column":null}},{"start":{},"end":{}}],"line":168},"41":{"loc":{"start":{"line":169,"column":23},"end":{"line":169,"column":null}},"type":"binary-expr","locations":[{"start":{"line":169,"column":23},"end":{"line":169,"column":55}},{"start":{"line":169,"column":55},"end":{"line":169,"column":null}}],"line":169},"42":{"loc":{"start":{"line":170,"column":2},"end":{"line":170,"column":null}},"type":"if","locations":[{"start":{"line":170,"column":2},"end":{"line":170,"column":null}},{"start":{},"end":{}}],"line":170},"43":{"loc":{"start":{"line":171,"column":2},"end":{"line":171,"column":null}},"type":"if","locations":[{"start":{"line":171,"column":2},"end":{"line":171,"column":null}},{"start":{},"end":{}}],"line":171},"44":{"loc":{"start":{"line":172,"column":2},"end":{"line":172,"column":null}},"type":"if","locations":[{"start":{"line":172,"column":2},"end":{"line":172,"column":null}},{"start":{},"end":{}}],"line":172},"45":{"loc":{"start":{"line":173,"column":2},"end":{"line":174,"column":null}},"type":"if","locations":[{"start":{"line":173,"column":2},"end":{"line":174,"column":null}},{"start":{},"end":{}}],"line":173},"46":{"loc":{"start":{"line":175,"column":2},"end":{"line":176,"column":null}},"type":"if","locations":[{"start":{"line":175,"column":2},"end":{"line":176,"column":null}},{"start":{},"end":{}}],"line":175},"47":{"loc":{"start":{"line":176,"column":32},"end":{"line":176,"column":null}},"type":"binary-expr","locations":[{"start":{"line":176,"column":32},"end":{"line":176,"column":71}},{"start":{"line":176,"column":71},"end":{"line":176,"column":null}}],"line":176},"48":{"loc":{"start":{"line":177,"column":2},"end":{"line":177,"column":null}},"type":"if","locations":[{"start":{"line":177,"column":2},"end":{"line":177,"column":null}},{"start":{},"end":{}}],"line":177},"49":{"loc":{"start":{"line":177,"column":47},"end":{"line":177,"column":null}},"type":"binary-expr","locations":[{"start":{"line":177,"column":47},"end":{"line":177,"column":72}},{"start":{"line":177,"column":72},"end":{"line":177,"column":null}}],"line":177},"50":{"loc":{"start":{"line":178,"column":2},"end":{"line":178,"column":null}},"type":"if","locations":[{"start":{"line":178,"column":2},"end":{"line":178,"column":null}},{"start":{},"end":{}}],"line":178},"51":{"loc":{"start":{"line":178,"column":59},"end":{"line":178,"column":null}},"type":"binary-expr","locations":[{"start":{"line":178,"column":59},"end":{"line":178,"column":90}},{"start":{"line":178,"column":90},"end":{"line":178,"column":null}}],"line":178},"52":{"loc":{"start":{"line":179,"column":2},"end":{"line":179,"column":null}},"type":"if","locations":[{"start":{"line":179,"column":2},"end":{"line":179,"column":null}},{"start":{},"end":{}}],"line":179},"53":{"loc":{"start":{"line":180,"column":2},"end":{"line":181,"column":null}},"type":"if","locations":[{"start":{"line":180,"column":2},"end":{"line":181,"column":null}},{"start":{},"end":{}}],"line":180},"54":{"loc":{"start":{"line":182,"column":2},"end":{"line":183,"column":null}},"type":"if","locations":[{"start":{"line":182,"column":2},"end":{"line":183,"column":null}},{"start":{},"end":{}}],"line":182},"55":{"loc":{"start":{"line":184,"column":2},"end":{"line":185,"column":null}},"type":"if","locations":[{"start":{"line":184,"column":2},"end":{"line":185,"column":null}},{"start":{},"end":{}}],"line":184},"56":{"loc":{"start":{"line":186,"column":2},"end":{"line":186,"column":null}},"type":"if","locations":[{"start":{"line":186,"column":2},"end":{"line":186,"column":null}},{"start":{},"end":{}}],"line":186},"57":{"loc":{"start":{"line":198,"column":2},"end":{"line":212,"column":null}},"type":"if","locations":[{"start":{"line":198,"column":2},"end":{"line":212,"column":null}},{"start":{},"end":{}}],"line":198},"58":{"loc":{"start":{"line":200,"column":4},"end":{"line":211,"column":null}},"type":"if","locations":[{"start":{"line":200,"column":4},"end":{"line":211,"column":null}},{"start":{},"end":{}}],"line":200},"59":{"loc":{"start":{"line":200,"column":8},"end":{"line":200,"column":54}},"type":"binary-expr","locations":[{"start":{"line":200,"column":8},"end":{"line":200,"column":19}},{"start":{"line":200,"column":19},"end":{"line":200,"column":54}}],"line":200},"60":{"loc":{"start":{"line":201,"column":6},"end":{"line":202,"column":null}},"type":"if","locations":[{"start":{"line":201,"column":6},"end":{"line":202,"column":null}},{"start":{},"end":{}}],"line":201},"61":{"loc":{"start":{"line":201,"column":10},"end":{"line":201,"column":null}},"type":"binary-expr","locations":[{"start":{"line":201,"column":10},"end":{"line":201,"column":44}},{"start":{"line":201,"column":44},"end":{"line":201,"column":null}}],"line":201},"62":{"loc":{"start":{"line":203,"column":6},"end":{"line":204,"column":null}},"type":"if","locations":[{"start":{"line":203,"column":6},"end":{"line":204,"column":null}},{"start":{},"end":{}}],"line":203},"63":{"loc":{"start":{"line":203,"column":10},"end":{"line":203,"column":null}},"type":"binary-expr","locations":[{"start":{"line":203,"column":10},"end":{"line":203,"column":47}},{"start":{"line":203,"column":47},"end":{"line":203,"column":null}}],"line":203},"64":{"loc":{"start":{"line":205,"column":6},"end":{"line":206,"column":null}},"type":"if","locations":[{"start":{"line":205,"column":6},"end":{"line":206,"column":null}},{"start":{},"end":{}}],"line":205},"65":{"loc":{"start":{"line":205,"column":10},"end":{"line":205,"column":null}},"type":"binary-expr","locations":[{"start":{"line":205,"column":10},"end":{"line":205,"column":54}},{"start":{"line":205,"column":54},"end":{"line":205,"column":null}}],"line":205},"66":{"loc":{"start":{"line":207,"column":6},"end":{"line":208,"column":null}},"type":"if","locations":[{"start":{"line":207,"column":6},"end":{"line":208,"column":null}},{"start":{},"end":{}}],"line":207},"67":{"loc":{"start":{"line":207,"column":10},"end":{"line":207,"column":null}},"type":"binary-expr","locations":[{"start":{"line":207,"column":10},"end":{"line":207,"column":50}},{"start":{"line":207,"column":50},"end":{"line":207,"column":null}}],"line":207},"68":{"loc":{"start":{"line":209,"column":6},"end":{"line":210,"column":null}},"type":"if","locations":[{"start":{"line":209,"column":6},"end":{"line":210,"column":null}},{"start":{},"end":{}}],"line":209},"69":{"loc":{"start":{"line":209,"column":10},"end":{"line":209,"column":null}},"type":"binary-expr","locations":[{"start":{"line":209,"column":10},"end":{"line":209,"column":40}},{"start":{"line":209,"column":40},"end":{"line":209,"column":null}}],"line":209},"70":{"loc":{"start":{"line":214,"column":2},"end":{"line":218,"column":null}},"type":"if","locations":[{"start":{"line":214,"column":2},"end":{"line":218,"column":null}},{"start":{},"end":{}}],"line":214},"71":{"loc":{"start":{"line":216,"column":4},"end":{"line":216,"column":null}},"type":"if","locations":[{"start":{"line":216,"column":4},"end":{"line":216,"column":null}},{"start":{},"end":{}}],"line":216},"72":{"loc":{"start":{"line":228,"column":2},"end":{"line":228,"column":null}},"type":"if","locations":[{"start":{"line":228,"column":2},"end":{"line":228,"column":null}},{"start":{},"end":{}}],"line":228},"73":{"loc":{"start":{"line":242,"column":2},"end":{"line":242,"column":null}},"type":"if","locations":[{"start":{"line":242,"column":2},"end":{"line":242,"column":null}},{"start":{},"end":{}}],"line":242}},"s":{"0":2,"1":0,"2":0,"3":0,"4":0,"5":1,"6":1,"7":0,"8":1,"9":1,"10":1,"11":1,"12":1,"13":0,"14":1,"15":1,"16":1,"17":0,"18":1,"19":0,"20":1,"21":0,"22":1,"23":0,"24":1,"25":0,"26":1,"27":0,"28":1,"29":0,"30":1,"31":0,"32":1,"33":0,"34":1,"35":0,"36":1,"37":0,"38":1,"39":0,"40":1,"41":0,"42":1,"43":0,"44":1,"45":0,"46":1,"47":0,"48":1,"49":0,"50":1,"51":0,"52":1,"53":0,"54":1,"55":1,"56":1,"57":1,"58":0,"59":0,"60":0,"61":0,"62":0,"63":0,"64":0,"65":0,"66":0,"67":0,"68":0,"69":0,"70":1,"71":1,"72":1,"73":0,"74":1,"75":0,"76":0,"77":0,"78":0,"79":0,"80":0,"81":0},"f":{"0":2,"1":0,"2":1,"3":1,"4":1,"5":1,"6":0},"b":{"0":[2,2],"1":[2,0],"2":[2,0],"3":[2,2],"4":[2,1],"5":[2,1],"6":[2,1],"7":[2,1],"8":[2,1],"9":[2,1],"10":[2,1],"11":[2,1],"12":[2,2],"13":[2,2],"14":[2,2],"15":[2,2],"16":[2,2],"17":[0,0],"18":[0,1],"19":[1,0],"20":[1,1],"21":[1,0],"22":[1,0],"23":[1,0],"24":[1,0],"25":[1,0],"26":[0,1],"27":[0,1],"28":[0,1],"29":[0,1],"30":[0,1],"31":[0,1],"32":[0,1],"33":[0,1],"34":[0,1],"35":[0,1],"36":[0,1],"37":[0,0],"38":[0,1],"39":[0,0],"40":[0,1],"41":[0,0],"42":[0,1],"43":[0,1],"44":[0,1],"45":[0,1],"46":[0,1],"47":[0,0],"48":[0,1],"49":[0,0],"50":[0,1],"51":[0,0],"52":[0,1],"53":[0,1],"54":[0,1],"55":[0,1],"56":[0,1],"57":[0,1],"58":[0,0],"59":[0,0],"60":[0,0],"61":[0,0],"62":[0,0],"63":[0,0],"64":[0,0],"65":[0,0],"66":[0,0],"67":[0,0],"68":[0,0],"69":[0,0],"70":[1,0],"71":[0,1],"72":[0,0],"73":[0,0]},"meta":{"lastBranch":74,"lastFunction":7,"lastStatement":82,"seen":{"f:39:9:39:26":0,"s:40:2:63:Infinity":0,"b:44:15:44:33:44:33:44:Infinity":0,"b:46:18:46:69:46:69:46:Infinity":1,"b:47:21:47:45:47:45:47:Infinity":2,"b:48:15:48:59:48:59:48:Infinity":3,"b:49:11:49:24:49:24:49:Infinity":4,"b:50:18:50:38:50:38:50:Infinity":5,"b:51:18:51:69:51:69:51:Infinity":6,"b:52:18:52:68:52:68:52:Infinity":7,"b:53:13:53:53:53:53:53:Infinity":8,"b:54:21:54:45:54:45:54:Infinity":9,"b:55:25:55:54:55:54:55:Infinity":10,"b:56:17:56:36:56:36:56:Infinity":11,"b:58:16:58:36:58:36:58:Infinity":12,"b:59:19:59:42:59:42:59:Infinity":13,"b:60:26:60:56:60:56:60:Infinity":14,"b:61:22:61:48:61:48:61:Infinity":15,"b:62:13:62:29:62:29:62:Infinity":16,"f:66:22:66:Infinity":1,"s:69:26:73:Infinity":1,"b:75:2:75:Infinity:undefined:undefined:undefined:undefined":17,"s:75:2:75:Infinity":2,"s:75:13:75:Infinity":3,"s:76:2:76:Infinity":4,"f:79:22:79:Infinity":2,"s:83:26:88:Infinity":5,"b:90:2:90:Infinity:undefined:undefined:undefined:undefined":18,"s:90:2:90:Infinity":6,"s:90:13:90:Infinity":7,"s:91:2:91:Infinity":8,"b:91:16:91:59:91:59:91:Infinity":19,"f:94:22:94:Infinity":3,"s:98:8:98:Infinity":9,"s:99:14:121:Infinity":10,"b:103:16:103:41:103:41:103:Infinity":20,"b:106:22:106:46:106:46:106:Infinity":21,"b:108:11:108:32:108:32:108:Infinity":22,"b:109:18:109:46:109:46:109:Infinity":23,"b:114:27:114:62:114:62:114:Infinity":24,"b:115:17:115:44:115:44:115:Infinity":25,"b:116:48:116:54:116:54:116:Infinity":26,"b:117:54:117:60:117:60:117:Infinity":27,"b:118:68:118:74:118:74:118:Infinity":28,"b:119:60:119:66:119:66:119:Infinity":29,"b:120:40:120:46:120:46:120:Infinity":30,"s:123:26:127:Infinity":11,"b:129:2:129:Infinity:undefined:undefined:undefined:undefined":31,"s:129:2:129:Infinity":12,"s:129:13:129:Infinity":13,"s:130:2:130:Infinity":14,"f:155:9:155:Infinity":4,"s:158:39:158:Infinity":15,"b:159:2:159:Infinity:undefined:undefined:undefined:undefined":32,"s:159:2:159:Infinity":16,"s:159:36:159:Infinity":17,"b:160:2:160:Infinity:undefined:undefined:undefined:undefined":33,"s:160:2:160:Infinity":18,"s:160:41:160:Infinity":19,"b:161:2:162:Infinity:undefined:undefined:undefined:undefined":34,"s:161:2:162:Infinity":20,"s:162:4:162:Infinity":21,"b:163:2:163:Infinity:undefined:undefined:undefined:undefined":35,"s:163:2:163:Infinity":22,"s:163:35:163:Infinity":23,"b:164:2:165:Infinity:undefined:undefined:undefined:undefined":36,"s:164:2:165:Infinity":24,"s:165:4:165:Infinity":25,"b:165:21:165:49:165:49:165:Infinity":37,"b:166:2:167:Infinity:undefined:undefined:undefined:undefined":38,"s:166:2:167:Infinity":26,"s:167:4:167:Infinity":27,"b:167:27:167:54:167:54:167:Infinity":39,"b:168:2:169:Infinity:undefined:undefined:undefined:undefined":40,"s:168:2:169:Infinity":28,"s:169:4:169:Infinity":29,"b:169:23:169:55:169:55:169:Infinity":41,"b:170:2:170:Infinity:undefined:undefined:undefined:undefined":42,"s:170:2:170:Infinity":30,"s:170:41:170:Infinity":31,"b:171:2:171:Infinity:undefined:undefined:undefined:undefined":43,"s:171:2:171:Infinity":32,"s:171:41:171:Infinity":33,"b:172:2:172:Infinity:undefined:undefined:undefined:undefined":44,"s:172:2:172:Infinity":34,"s:172:36:172:Infinity":35,"b:173:2:174:Infinity:undefined:undefined:undefined:undefined":45,"s:173:2:174:Infinity":36,"s:174:4:174:Infinity":37,"b:175:2:176:Infinity:undefined:undefined:undefined:undefined":46,"s:175:2:176:Infinity":38,"s:176:4:176:Infinity":39,"b:176:32:176:71:176:71:176:Infinity":47,"b:177:2:177:Infinity:undefined:undefined:undefined:undefined":48,"s:177:2:177:Infinity":40,"s:177:35:177:Infinity":41,"b:177:47:177:72:177:72:177:Infinity":49,"b:178:2:178:Infinity:undefined:undefined:undefined:undefined":50,"s:178:2:178:Infinity":42,"s:178:41:178:Infinity":43,"b:178:59:178:90:178:90:178:Infinity":51,"b:179:2:179:Infinity:undefined:undefined:undefined:undefined":52,"s:179:2:179:Infinity":44,"s:179:40:179:Infinity":45,"b:180:2:181:Infinity:undefined:undefined:undefined:undefined":53,"s:180:2:181:Infinity":46,"s:181:4:181:Infinity":47,"b:182:2:183:Infinity:undefined:undefined:undefined:undefined":54,"s:182:2:183:Infinity":48,"s:183:4:183:Infinity":49,"b:184:2:185:Infinity:undefined:undefined:undefined:undefined":55,"s:184:2:185:Infinity":50,"s:185:4:185:Infinity":51,"b:186:2:186:Infinity:undefined:undefined:undefined:undefined":56,"s:186:2:186:Infinity":52,"s:186:37:186:Infinity":53,"s:187:2:187:Infinity":54,"f:190:22:190:Infinity":5,"s:195:12:195:Infinity":55,"s:197:8:197:Infinity":56,"b:198:2:212:Infinity:undefined:undefined:undefined:undefined":57,"s:198:2:212:Infinity":57,"s:199:20:199:Infinity":58,"b:200:4:211:Infinity:undefined:undefined:undefined:undefined":58,"s:200:4:211:Infinity":59,"b:200:8:200:19:200:19:200:54":59,"b:201:6:202:Infinity:undefined:undefined:undefined:undefined":60,"s:201:6:202:Infinity":60,"b:201:10:201:44:201:44:201:Infinity":61,"s:202:8:202:Infinity":61,"b:203:6:204:Infinity:undefined:undefined:undefined:undefined":62,"s:203:6:204:Infinity":62,"b:203:10:203:47:203:47:203:Infinity":63,"s:204:8:204:Infinity":63,"b:205:6:206:Infinity:undefined:undefined:undefined:undefined":64,"s:205:6:206:Infinity":64,"b:205:10:205:54:205:54:205:Infinity":65,"s:206:8:206:Infinity":65,"b:207:6:208:Infinity:undefined:undefined:undefined:undefined":66,"s:207:6:208:Infinity":66,"b:207:10:207:50:207:50:207:Infinity":67,"s:208:8:208:Infinity":67,"b:209:6:210:Infinity:undefined:undefined:undefined:undefined":68,"s:209:6:210:Infinity":68,"b:209:10:209:40:209:40:209:Infinity":69,"s:210:8:210:Infinity":69,"b:214:2:218:Infinity:undefined:undefined:undefined:undefined":70,"s:214:2:218:Infinity":70,"s:215:18:215:Infinity":71,"b:216:4:216:Infinity:undefined:undefined:undefined:undefined":71,"s:216:4:216:Infinity":72,"s:216:16:216:Infinity":73,"s:217:4:217:Infinity":74,"s:220:26:226:Infinity":75,"b:228:2:228:Infinity:undefined:undefined:undefined:undefined":72,"s:228:2:228:Infinity":76,"s:228:13:228:Infinity":77,"s:229:2:229:Infinity":78,"f:232:22:232:Infinity":6,"s:236:20:240:Infinity":79,"b:242:2:242:Infinity:undefined:undefined:undefined:undefined":73,"s:242:2:242:Infinity":80,"s:242:13:242:Infinity":81}}}
,"C:\\Users\\Olivia\\Desktop\\PlanMyJob\\plan-my-job\\src\\lib\\cvRessources.ts": {"path":"C:\\Users\\Olivia\\Desktop\\PlanMyJob\\plan-my-job\\src\\lib\\cvRessources.ts","statementMap":{"0":{"start":{"line":15,"column":2},"end":{"line":22,"column":null}},"1":{"start":{"line":26,"column":26},"end":{"line":30,"column":null}},"2":{"start":{"line":32,"column":2},"end":{"line":32,"column":null}},"3":{"start":{"line":32,"column":13},"end":{"line":32,"column":null}},"4":{"start":{"line":33,"column":2},"end":{"line":33,"column":null}},"5":{"start":{"line":40,"column":14},"end":{"line":46,"column":null}},"6":{"start":{"line":48,"column":36},"end":{"line":52,"column":null}},"7":{"start":{"line":54,"column":2},"end":{"line":54,"column":null}},"8":{"start":{"line":54,"column":13},"end":{"line":54,"column":null}},"9":{"start":{"line":55,"column":2},"end":{"line":55,"column":null}},"10":{"start":{"line":62,"column":20},"end":{"line":66,"column":null}},"11":{"start":{"line":68,"column":2},"end":{"line":68,"column":null}},"12":{"start":{"line":68,"column":13},"end":{"line":68,"column":null}}},"fnMap":{"0":{"name":"rowToCvRessource","decl":{"start":{"line":14,"column":9},"end":{"line":14,"column":26}},"loc":{"start":{"line":14,"column":60},"end":{"line":23,"column":null}},"line":14},"1":{"name":"fetchCvRessources","decl":{"start":{"line":25,"column":22},"end":{"line":25,"column":40}},"loc":{"start":{"line":25,"column":80},"end":{"line":34,"column":null}},"line":25},"2":{"name":"insertCvRessource","decl":{"start":{"line":36,"column":22},"end":{"line":36,"column":null}},"loc":{"start":{"line":39,"column":24},"end":{"line":56,"column":null}},"line":39},"3":{"name":"deleteCvRessource","decl":{"start":{"line":58,"column":22},"end":{"line":58,"column":null}},"loc":{"start":{"line":61,"column":17},"end":{"line":69,"column":null}},"line":61}},"branchMap":{"0":{"loc":{"start":{"line":19,"column":13},"end":{"line":19,"column":null}},"type":"binary-expr","locations":[{"start":{"line":19,"column":13},"end":{"line":19,"column":40}},{"start":{"line":19,"column":40},"end":{"line":19,"column":null}}],"line":19},"1":{"loc":{"start":{"line":32,"column":2},"end":{"line":32,"column":null}},"type":"if","locations":[{"start":{"line":32,"column":2},"end":{"line":32,"column":null}},{"start":{},"end":{}}],"line":32},"2":{"loc":{"start":{"line":44,"column":12},"end":{"line":44,"column":null}},"type":"binary-expr","locations":[{"start":{"line":44,"column":12},"end":{"line":44,"column":27}},{"start":{"line":44,"column":27},"end":{"line":44,"column":null}}],"line":44},"3":{"loc":{"start":{"line":54,"column":2},"end":{"line":54,"column":null}},"type":"if","locations":[{"start":{"line":54,"column":2},"end":{"line":54,"column":null}},{"start":{},"end":{}}],"line":54},"4":{"loc":{"start":{"line":68,"column":2},"end":{"line":68,"column":null}},"type":"if","locations":[{"start":{"line":68,"column":2},"end":{"line":68,"column":null}},{"start":{},"end":{}}],"line":68}},"s":{"0":1,"1":0,"2":0,"3":0,"4":0,"5":1,"6":1,"7":1,"8":0,"9":1,"10":0,"11":0,"12":0},"f":{"0":1,"1":0,"2":1,"3":0},"b":{"0":[1,0],"1":[0,0],"2":[1,0],"3":[0,1],"4":[0,0]},"meta":{"lastBranch":5,"lastFunction":4,"lastStatement":13,"seen":{"f:14:9:14:26":0,"s:15:2:22:Infinity":0,"b:19:13:19:40:19:40:19:Infinity":0,"f:25:22:25:40":1,"s:26:26:30:Infinity":1,"b:32:2:32:Infinity:undefined:undefined:undefined:undefined":1,"s:32:2:32:Infinity":2,"s:32:13:32:Infinity":3,"s:33:2:33:Infinity":4,"f:36:22:36:Infinity":2,"s:40:14:46:Infinity":5,"b:44:12:44:27:44:27:44:Infinity":2,"s:48:36:52:Infinity":6,"b:54:2:54:Infinity:undefined:undefined:undefined:undefined":3,"s:54:2:54:Infinity":7,"s:54:13:54:Infinity":8,"s:55:2:55:Infinity":9,"f:58:22:58:Infinity":3,"s:62:20:66:Infinity":10,"b:68:2:68:Infinity:undefined:undefined:undefined:undefined":4,"s:68:2:68:Infinity":11,"s:68:13:68:Infinity":12}}}
,"C:\\Users\\Olivia\\Desktop\\PlanMyJob\\plan-my-job\\src\\lib\\jobSites.ts": {"path":"C:\\Users\\Olivia\\Desktop\\PlanMyJob\\plan-my-job\\src\\lib\\jobSites.ts","statementMap":{"0":{"start":{"line":18,"column":2},"end":{"line":23,"column":null}},"1":{"start":{"line":27,"column":26},"end":{"line":30,"column":null}},"2":{"start":{"line":32,"column":2},"end":{"line":32,"column":null}},"3":{"start":{"line":32,"column":13},"end":{"line":32,"column":null}},"4":{"start":{"line":33,"column":2},"end":{"line":33,"column":null}},"5":{"start":{"line":41,"column":22},"end":{"line":41,"column":null}},"6":{"start":{"line":42,"column":14},"end":{"line":46,"column":null}},"7":{"start":{"line":48,"column":36},"end":{"line":52,"column":null}},"8":{"start":{"line":54,"column":2},"end":{"line":54,"column":null}},"9":{"start":{"line":54,"column":13},"end":{"line":54,"column":null}},"10":{"start":{"line":55,"column":2},"end":{"line":55,"column":null}},"11":{"start":{"line":59,"column":19},"end":{"line":64,"column":null}},"12":{"start":{"line":65,"column":2},"end":{"line":65,"column":null}},"13":{"start":{"line":72,"column":39},"end":{"line":72,"column":null}},"14":{"start":{"line":73,"column":2},"end":{"line":73,"column":null}},"15":{"start":{"line":73,"column":32},"end":{"line":73,"column":null}},"16":{"start":{"line":74,"column":2},"end":{"line":74,"column":null}},"17":{"start":{"line":74,"column":30},"end":{"line":74,"column":null}},"18":{"start":{"line":75,"column":2},"end":{"line":75,"column":null}},"19":{"start":{"line":75,"column":35},"end":{"line":75,"column":null}},"20":{"start":{"line":76,"column":2},"end":{"line":84,"column":null}},"21":{"start":{"line":77,"column":30},"end":{"line":81,"column":null}},"22":{"start":{"line":82,"column":4},"end":{"line":82,"column":null}},"23":{"start":{"line":82,"column":17},"end":{"line":82,"column":null}},"24":{"start":{"line":83,"column":4},"end":{"line":83,"column":null}},"25":{"start":{"line":86,"column":35},"end":{"line":91,"column":null}},"26":{"start":{"line":93,"column":2},"end":{"line":93,"column":null}},"27":{"start":{"line":93,"column":13},"end":{"line":93,"column":null}},"28":{"start":{"line":94,"column":2},"end":{"line":94,"column":null}},"29":{"start":{"line":98,"column":20},"end":{"line":98,"column":null}},"30":{"start":{"line":99,"column":2},"end":{"line":99,"column":null}},"31":{"start":{"line":99,"column":13},"end":{"line":99,"column":null}},"32":{"start":{"line":113,"column":26},"end":{"line":116,"column":null}},"33":{"start":{"line":118,"column":2},"end":{"line":118,"column":null}},"34":{"start":{"line":118,"column":13},"end":{"line":118,"column":null}},"35":{"start":{"line":119,"column":2},"end":{"line":123,"column":null}},"36":{"start":{"line":119,"column":105},"end":{"line":123,"column":4}},"37":{"start":{"line":131,"column":20},"end":{"line":142,"column":null}},"38":{"start":{"line":144,"column":2},"end":{"line":144,"column":null}},"39":{"start":{"line":144,"column":13},"end":{"line":144,"column":null}}},"fnMap":{"0":{"name":"rowToJobSite","decl":{"start":{"line":17,"column":9},"end":{"line":17,"column":22}},"loc":{"start":{"line":17,"column":48},"end":{"line":24,"column":null}},"line":17},"1":{"name":"fetchJobSites","decl":{"start":{"line":26,"column":22},"end":{"line":26,"column":58}},"loc":{"start":{"line":26,"column":58},"end":{"line":34,"column":null}},"line":26},"2":{"name":"insertJobSite","decl":{"start":{"line":36,"column":22},"end":{"line":36,"column":36}},"loc":{"start":{"line":40,"column":21},"end":{"line":56,"column":null}},"line":40},"3":{"name":"getMaxPosition","decl":{"start":{"line":58,"column":15},"end":{"line":58,"column":49}},"loc":{"start":{"line":58,"column":49},"end":{"line":66,"column":null}},"line":58},"4":{"name":"updateJobSite","decl":{"start":{"line":68,"column":22},"end":{"line":68,"column":null}},"loc":{"start":{"line":71,"column":20},"end":{"line":95,"column":null}},"line":71},"5":{"name":"deleteJobSite","decl":{"start":{"line":97,"column":22},"end":{"line":97,"column":36}},"loc":{"start":{"line":97,"column":63},"end":{"line":100,"column":null}},"line":97},"6":{"name":"fetchUserJobSiteStatus","decl":{"start":{"line":110,"column":22},"end":{"line":110,"column":null}},"loc":{"start":{"line":112,"column":32},"end":{"line":124,"column":null}},"line":112},"7":{"name":"(anonymous_7)","decl":{"start":{"line":119,"column":26},"end":{"line":119,"column":27}},"loc":{"start":{"line":119,"column":105},"end":{"line":123,"column":4}},"line":119},"8":{"name":"upsertUserJobSiteStatus","decl":{"start":{"line":126,"column":22},"end":{"line":126,"column":null}},"loc":{"start":{"line":130,"column":17},"end":{"line":145,"column":null}},"line":130}},"branchMap":{"0":{"loc":{"start":{"line":32,"column":2},"end":{"line":32,"column":null}},"type":"if","locations":[{"start":{"line":32,"column":2},"end":{"line":32,"column":null}},{"start":{},"end":{}}],"line":32},"1":{"loc":{"start":{"line":45,"column":14},"end":{"line":45,"column":null}},"type":"binary-expr","locations":[{"start":{"line":45,"column":14},"end":{"line":45,"column":31}},{"start":{"line":45,"column":31},"end":{"line":45,"column":null}}],"line":45},"2":{"loc":{"start":{"line":54,"column":2},"end":{"line":54,"column":null}},"type":"if","locations":[{"start":{"line":54,"column":2},"end":{"line":54,"column":null}},{"start":{},"end":{}}],"line":54},"3":{"loc":{"start":{"line":65,"column":10},"end":{"line":65,"column":null}},"type":"binary-expr","locations":[{"start":{"line":65,"column":10},"end":{"line":65,"column":60}},{"start":{"line":65,"column":60},"end":{"line":65,"column":null}}],"line":65},"4":{"loc":{"start":{"line":73,"column":2},"end":{"line":73,"column":null}},"type":"if","locations":[{"start":{"line":73,"column":2},"end":{"line":73,"column":null}},{"start":{},"end":{}}],"line":73},"5":{"loc":{"start":{"line":74,"column":2},"end":{"line":74,"column":null}},"type":"if","locations":[{"start":{"line":74,"column":2},"end":{"line":74,"column":null}},{"start":{},"end":{}}],"line":74},"6":{"loc":{"start":{"line":75,"column":2},"end":{"line":75,"column":null}},"type":"if","locations":[{"start":{"line":75,"column":2},"end":{"line":75,"column":null}},{"start":{},"end":{}}],"line":75},"7":{"loc":{"start":{"line":76,"column":2},"end":{"line":84,"column":null}},"type":"if","locations":[{"start":{"line":76,"column":2},"end":{"line":84,"column":null}},{"start":{},"end":{}}],"line":76},"8":{"loc":{"start":{"line":82,"column":4},"end":{"line":82,"column":null}},"type":"if","locations":[{"start":{"line":82,"column":4},"end":{"line":82,"column":null}},{"start":{},"end":{}}],"line":82},"9":{"loc":{"start":{"line":93,"column":2},"end":{"line":93,"column":null}},"type":"if","locations":[{"start":{"line":93,"column":2},"end":{"line":93,"column":null}},{"start":{},"end":{}}],"line":93},"10":{"loc":{"start":{"line":99,"column":2},"end":{"line":99,"column":null}},"type":"if","locations":[{"start":{"line":99,"column":2},"end":{"line":99,"column":null}},{"start":{},"end":{}}],"line":99},"11":{"loc":{"start":{"line":118,"column":2},"end":{"line":118,"column":null}},"type":"if","locations":[{"start":{"line":118,"column":2},"end":{"line":118,"column":null}},{"start":{},"end":{}}],"line":118},"12":{"loc":{"start":{"line":119,"column":10},"end":{"line":119,"column":22}},"type":"binary-expr","locations":[{"start":{"line":119,"column":10},"end":{"line":119,"column":18}},{"start":{"line":119,"column":18},"end":{"line":119,"column":22}}],"line":119},"13":{"loc":{"start":{"line":144,"column":2},"end":{"line":144,"column":null}},"type":"if","locations":[{"start":{"line":144,"column":2},"end":{"line":144,"column":null}},{"start":{},"end":{}}],"line":144}},"s":{"0":1,"1":0,"2":0,"3":0,"4":0,"5":1,"6":1,"7":1,"8":1,"9":0,"10":1,"11":1,"12":1,"13":0,"14":0,"15":0,"16":0,"17":0,"18":0,"19":0,"20":0,"21":0,"22":0,"23":0,"24":0,"25":0,"26":0,"27":0,"28":0,"29":0,"30":0,"31":0,"32":0,"33":0,"34":0,"35":0,"36":0,"37":1,"38":1,"39":0},"f":{"0":1,"1":0,"2":1,"3":1,"4":0,"5":0,"6":0,"7":0,"8":1},"b":{"0":[0,0],"1":[1,1],"2":[0,1],"3":[1,0],"4":[0,0],"5":[0,0],"6":[0,0],"7":[0,0],"8":[0,0],"9":[0,0],"10":[0,0],"11":[0,0],"12":[0,0],"13":[0,1]},"meta":{"lastBranch":14,"lastFunction":9,"lastStatement":40,"seen":{"f:17:9:17:22":0,"s:18:2:23:Infinity":0,"f:26:22:26:58":1,"s:27:26:30:Infinity":1,"b:32:2:32:Infinity:undefined:undefined:undefined:undefined":0,"s:32:2:32:Infinity":2,"s:32:13:32:Infinity":3,"s:33:2:33:Infinity":4,"f:36:22:36:36":2,"s:41:22:41:Infinity":5,"s:42:14:46:Infinity":6,"b:45:14:45:31:45:31:45:Infinity":1,"s:48:36:52:Infinity":7,"b:54:2:54:Infinity:undefined:undefined:undefined:undefined":2,"s:54:2:54:Infinity":8,"s:54:13:54:Infinity":9,"s:55:2:55:Infinity":10,"f:58:15:58:49":3,"s:59:19:64:Infinity":11,"s:65:2:65:Infinity":12,"b:65:10:65:60:65:60:65:Infinity":3,"f:68:22:68:Infinity":4,"s:72:39:72:Infinity":13,"b:73:2:73:Infinity:undefined:undefined:undefined:undefined":4,"s:73:2:73:Infinity":14,"s:73:32:73:Infinity":15,"b:74:2:74:Infinity:undefined:undefined:undefined:undefined":5,"s:74:2:74:Infinity":16,"s:74:30:74:Infinity":17,"b:75:2:75:Infinity:undefined:undefined:undefined:undefined":6,"s:75:2:75:Infinity":18,"s:75:35:75:Infinity":19,"b:76:2:84:Infinity:undefined:undefined:undefined:undefined":7,"s:76:2:84:Infinity":20,"s:77:30:81:Infinity":21,"b:82:4:82:Infinity:undefined:undefined:undefined:undefined":8,"s:82:4:82:Infinity":22,"s:82:17:82:Infinity":23,"s:83:4:83:Infinity":24,"s:86:35:91:Infinity":25,"b:93:2:93:Infinity:undefined:undefined:undefined:undefined":9,"s:93:2:93:Infinity":26,"s:93:13:93:Infinity":27,"s:94:2:94:Infinity":28,"f:97:22:97:36":5,"s:98:20:98:Infinity":29,"b:99:2:99:Infinity:undefined:undefined:undefined:undefined":10,"s:99:2:99:Infinity":30,"s:99:13:99:Infinity":31,"f:110:22:110:Infinity":6,"s:113:26:116:Infinity":32,"b:118:2:118:Infinity:undefined:undefined:undefined:undefined":11,"s:118:2:118:Infinity":33,"s:118:13:118:Infinity":34,"s:119:2:123:Infinity":35,"b:119:10:119:18:119:18:119:22":12,"f:119:26:119:27":7,"s:119:105:123:4":36,"f:126:22:126:Infinity":8,"s:131:20:142:Infinity":37,"b:144:2:144:Infinity:undefined:undefined:undefined:undefined":13,"s:144:2:144:Infinity":38,"s:144:13:144:Infinity":39}}}
,"C:\\Users\\Olivia\\Desktop\\PlanMyJob\\plan-my-job\\src\\lib\\offerAnalyzer.ts": {"path":"C:\\Users\\Olivia\\Desktop\\PlanMyJob\\plan-my-job\\src\\lib\\offerAnalyzer.ts","statementMap":{"0":{"start":{"line":22,"column":73},"end":{"line":34,"column":null}},"1":{"start":{"line":37,"column":2},"end":{"line":37,"column":null}},"2":{"start":{"line":37,"column":12},"end":{"line":37,"column":null}},"3":{"start":{"line":39,"column":18},"end":{"line":39,"column":null}},"4":{"start":{"line":40,"column":21},"end":{"line":42,"column":null}},"5":{"start":{"line":44,"column":2},"end":{"line":56,"column":null}},"6":{"start":{"line":45,"column":4},"end":{"line":55,"column":null}},"7":{"start":{"line":46,"column":21},"end":{"line":46,"column":null}},"8":{"start":{"line":47,"column":19},"end":{"line":47,"column":null}},"9":{"start":{"line":48,"column":6},"end":{"line":52,"column":null}},"10":{"start":{"line":49,"column":8},"end":{"line":51,"column":null}},"11":{"start":{"line":49,"column":44},"end":{"line":49,"column":68}},"12":{"start":{"line":50,"column":10},"end":{"line":50,"column":null}},"13":{"start":{"line":58,"column":19},"end":{"line":58,"column":null}},"14":{"start":{"line":59,"column":2},"end":{"line":63,"column":null}},"15":{"start":{"line":60,"column":4},"end":{"line":62,"column":null}},"16":{"start":{"line":60,"column":40},"end":{"line":60,"column":68}},"17":{"start":{"line":61,"column":6},"end":{"line":61,"column":null}},"18":{"start":{"line":65,"column":2},"end":{"line":65,"column":null}},"19":{"start":{"line":69,"column":16},"end":{"line":69,"column":null}},"20":{"start":{"line":70,"column":2},"end":{"line":70,"column":null}},"21":{"start":{"line":70,"column":52},"end":{"line":70,"column":null}},"22":{"start":{"line":71,"column":2},"end":{"line":71,"column":null}},"23":{"start":{"line":71,"column":34},"end":{"line":71,"column":null}},"24":{"start":{"line":72,"column":2},"end":{"line":72,"column":null}},"25":{"start":{"line":72,"column":32},"end":{"line":72,"column":null}},"26":{"start":{"line":73,"column":2},"end":{"line":74,"column":null}},"27":{"start":{"line":74,"column":4},"end":{"line":74,"column":null}},"28":{"start":{"line":75,"column":2},"end":{"line":76,"column":null}},"29":{"start":{"line":76,"column":4},"end":{"line":76,"column":null}},"30":{"start":{"line":77,"column":2},"end":{"line":78,"column":null}},"31":{"start":{"line":78,"column":4},"end":{"line":78,"column":null}},"32":{"start":{"line":79,"column":2},"end":{"line":79,"column":null}},"33":{"start":{"line":82,"column":36},"end":{"line":149,"column":null}},"34":{"start":{"line":151,"column":35},"end":{"line":151,"column":null}},"35":{"start":{"line":154,"column":35},"end":{"line":157,"column":null}},"36":{"start":{"line":157,"column":17},"end":{"line":157,"column":41}},"37":{"start":{"line":159,"column":68},"end":{"line":166,"column":null}},"38":{"start":{"line":168,"column":72},"end":{"line":180,"column":null}},"39":{"start":{"line":183,"column":15},"end":{"line":183,"column":null}},"40":{"start":{"line":184,"column":16},"end":{"line":187,"column":null}},"41":{"start":{"line":186,"column":16},"end":{"line":186,"column":24}},"42":{"start":{"line":189,"column":14},"end":{"line":189,"column":null}},"43":{"start":{"line":190,"column":19},"end":{"line":190,"column":null}},"44":{"start":{"line":191,"column":21},"end":{"line":191,"column":null}},"45":{"start":{"line":193,"column":28},"end":{"line":201,"column":null}},"46":{"start":{"line":194,"column":4},"end":{"line":201,"column":null}},"47":{"start":{"line":202,"column":27},"end":{"line":207,"column":null}},"48":{"start":{"line":203,"column":4},"end":{"line":207,"column":null}},"49":{"start":{"line":208,"column":27},"end":{"line":210,"column":null}},"50":{"start":{"line":209,"column":4},"end":{"line":210,"column":null}},"51":{"start":{"line":211,"column":28},"end":{"line":212,"column":null}},"52":{"start":{"line":212,"column":4},"end":{"line":212,"column":null}},"53":{"start":{"line":213,"column":32},"end":{"line":216,"column":null}},"54":{"start":{"line":214,"column":4},"end":{"line":216,"column":null}},"55":{"start":{"line":217,"column":28},"end":{"line":218,"column":null}},"56":{"start":{"line":218,"column":4},"end":{"line":218,"column":null}},"57":{"start":{"line":220,"column":2},"end":{"line":227,"column":null}},"58":{"start":{"line":225,"column":4},"end":{"line":225,"column":null}},"59":{"start":{"line":226,"column":4},"end":{"line":226,"column":null}},"60":{"start":{"line":228,"column":2},"end":{"line":230,"column":null}},"61":{"start":{"line":229,"column":4},"end":{"line":229,"column":null}},"62":{"start":{"line":231,"column":2},"end":{"line":234,"column":null}},"63":{"start":{"line":232,"column":21},"end":{"line":232,"column":null}},"64":{"start":{"line":233,"column":4},"end":{"line":233,"column":null}},"65":{"start":{"line":233,"column":18},"end":{"line":233,"column":null}},"66":{"start":{"line":235,"column":2},"end":{"line":238,"column":null}},"67":{"start":{"line":236,"column":25},"end":{"line":236,"column":null}},"68":{"start":{"line":237,"column":4},"end":{"line":237,"column":null}},"69":{"start":{"line":237,"column":22},"end":{"line":237,"column":null}},"70":{"start":{"line":239,"column":2},"end":{"line":246,"column":null}},"71":{"start":{"line":240,"column":25},"end":{"line":240,"column":null}},"72":{"start":{"line":241,"column":4},"end":{"line":245,"column":null}},"73":{"start":{"line":242,"column":6},"end":{"line":244,"column":null}},"74":{"start":{"line":248,"column":2},"end":{"line":289,"column":null}},"75":{"start":{"line":249,"column":26},"end":{"line":257,"column":null}},"76":{"start":{"line":258,"column":4},"end":{"line":271,"column":null}},"77":{"start":{"line":259,"column":16},"end":{"line":259,"column":null}},"78":{"start":{"line":260,"column":6},"end":{"line":270,"column":null}},"79":{"start":{"line":261,"column":20},"end":{"line":261,"column":null}},"80":{"start":{"line":262,"column":8},"end":{"line":269,"column":null}},"81":{"start":{"line":267,"column":10},"end":{"line":267,"column":null}},"82":{"start":{"line":268,"column":10},"end":{"line":268,"column":null}},"83":{"start":{"line":272,"column":4},"end":{"line":288,"column":null}},"84":{"start":{"line":273,"column":20},"end":{"line":273,"column":null}},"85":{"start":{"line":274,"column":6},"end":{"line":287,"column":null}},"86":{"start":{"line":274,"column":19},"end":{"line":274,"column":22}},"87":{"start":{"line":275,"column":21},"end":{"line":275,"column":null}},"88":{"start":{"line":276,"column":8},"end":{"line":286,"column":null}},"89":{"start":{"line":277,"column":10},"end":{"line":285,"column":null}},"90":{"start":{"line":283,"column":12},"end":{"line":283,"column":null}},"91":{"start":{"line":284,"column":12},"end":{"line":284,"column":null}},"92":{"start":{"line":291,"column":2},"end":{"line":327,"column":null}},"93":{"start":{"line":292,"column":31},"end":{"line":299,"column":null}},"94":{"start":{"line":300,"column":4},"end":{"line":314,"column":null}},"95":{"start":{"line":301,"column":16},"end":{"line":301,"column":null}},"96":{"start":{"line":302,"column":6},"end":{"line":313,"column":null}},"97":{"start":{"line":303,"column":20},"end":{"line":303,"column":null}},"98":{"start":{"line":304,"column":8},"end":{"line":312,"column":null}},"99":{"start":{"line":310,"column":10},"end":{"line":310,"column":null}},"100":{"start":{"line":311,"column":10},"end":{"line":311,"column":null}},"101":{"start":{"line":315,"column":4},"end":{"line":316,"column":null}},"102":{"start":{"line":316,"column":6},"end":{"line":316,"column":null}},"103":{"start":{"line":317,"column":4},"end":{"line":326,"column":null}},"104":{"start":{"line":323,"column":6},"end":{"line":323,"column":null}},"105":{"start":{"line":324,"column":6},"end":{"line":325,"column":null}},"106":{"start":{"line":325,"column":8},"end":{"line":325,"column":null}},"107":{"start":{"line":329,"column":33},"end":{"line":329,"column":null}},"108":{"start":{"line":330,"column":2},"end":{"line":335,"column":null}},"109":{"start":{"line":331,"column":4},"end":{"line":334,"column":null}},"110":{"start":{"line":332,"column":6},"end":{"line":332,"column":null}},"111":{"start":{"line":333,"column":6},"end":{"line":333,"column":null}},"112":{"start":{"line":337,"column":33},"end":{"line":337,"column":null}},"113":{"start":{"line":338,"column":2},"end":{"line":343,"column":null}},"114":{"start":{"line":339,"column":4},"end":{"line":342,"column":null}},"115":{"start":{"line":340,"column":6},"end":{"line":340,"column":null}},"116":{"start":{"line":341,"column":6},"end":{"line":341,"column":null}},"117":{"start":{"line":345,"column":2},"end":{"line":348,"column":null}},"118":{"start":{"line":346,"column":21},"end":{"line":346,"column":null}},"119":{"start":{"line":346,"column":39},"end":{"line":346,"column":58}},"120":{"start":{"line":347,"column":4},"end":{"line":347,"column":null}},"121":{"start":{"line":347,"column":18},"end":{"line":347,"column":null}},"122":{"start":{"line":349,"column":2},"end":{"line":355,"column":null}},"123":{"start":{"line":350,"column":22},"end":{"line":352,"column":null}},"124":{"start":{"line":353,"column":4},"end":{"line":354,"column":null}},"125":{"start":{"line":354,"column":6},"end":{"line":354,"column":null}},"126":{"start":{"line":356,"column":2},"end":{"line":368,"column":null}},"127":{"start":{"line":357,"column":21},"end":{"line":359,"column":null}},"128":{"start":{"line":360,"column":4},"end":{"line":367,"column":null}},"129":{"start":{"line":361,"column":18},"end":{"line":361,"column":null}},"130":{"start":{"line":362,"column":6},"end":{"line":366,"column":null}},"131":{"start":{"line":366,"column":8},"end":{"line":366,"column":null}},"132":{"start":{"line":369,"column":2},"end":{"line":376,"column":null}},"133":{"start":{"line":370,"column":23},"end":{"line":370,"column":null}},"134":{"start":{"line":371,"column":4},"end":{"line":375,"column":null}},"135":{"start":{"line":372,"column":18},"end":{"line":372,"column":null}},"136":{"start":{"line":373,"column":6},"end":{"line":374,"column":null}},"137":{"start":{"line":374,"column":8},"end":{"line":374,"column":null}},"138":{"start":{"line":377,"column":2},"end":{"line":381,"column":null}},"139":{"start":{"line":378,"column":26},"end":{"line":378,"column":null}},"140":{"start":{"line":379,"column":4},"end":{"line":380,"column":null}},"141":{"start":{"line":380,"column":6},"end":{"line":380,"column":null}},"142":{"start":{"line":382,"column":2},"end":{"line":388,"column":null}},"143":{"start":{"line":383,"column":26},"end":{"line":385,"column":null}},"144":{"start":{"line":386,"column":4},"end":{"line":387,"column":null}},"145":{"start":{"line":387,"column":6},"end":{"line":387,"column":null}},"146":{"start":{"line":389,"column":2},"end":{"line":398,"column":null}},"147":{"start":{"line":390,"column":26},"end":{"line":392,"column":null}},"148":{"start":{"line":393,"column":4},"end":{"line":397,"column":null}},"149":{"start":{"line":394,"column":6},"end":{"line":396,"column":null}},"150":{"start":{"line":400,"column":24},"end":{"line":400,"column":null}},"151":{"start":{"line":402,"column":4},"end":{"line":417,"column":null}},"152":{"start":{"line":418,"column":2},"end":{"line":418,"column":null}},"153":{"start":{"line":418,"column":16},"end":{"line":418,"column":null}},"154":{"start":{"line":420,"column":32},"end":{"line":420,"column":null}},"155":{"start":{"line":421,"column":21},"end":{"line":421,"column":null}},"156":{"start":{"line":422,"column":2},"end":{"line":425,"column":null}},"157":{"start":{"line":423,"column":15},"end":{"line":423,"column":null}},"158":{"start":{"line":424,"column":4},"end":{"line":424,"column":null}},"159":{"start":{"line":424,"column":29},"end":{"line":424,"column":null}},"160":{"start":{"line":426,"column":2},"end":{"line":429,"column":null}},"161":{"start":{"line":427,"column":4},"end":{"line":427,"column":null}},"162":{"start":{"line":427,"column":64},"end":{"line":427,"column":null}},"163":{"start":{"line":428,"column":4},"end":{"line":428,"column":null}},"164":{"start":{"line":428,"column":57},"end":{"line":428,"column":null}},"165":{"start":{"line":431,"column":23},"end":{"line":433,"column":null}},"166":{"start":{"line":432,"column":4},"end":{"line":433,"column":null}},"167":{"start":{"line":435,"column":4},"end":{"line":435,"column":null}},"168":{"start":{"line":437,"column":31},"end":{"line":437,"column":null}},"169":{"start":{"line":439,"column":23},"end":{"line":441,"column":null}},"170":{"start":{"line":442,"column":2},"end":{"line":446,"column":null}},"171":{"start":{"line":443,"column":20},"end":{"line":443,"column":null}},"172":{"start":{"line":444,"column":4},"end":{"line":445,"column":null}},"173":{"start":{"line":445,"column":6},"end":{"line":445,"column":null}},"174":{"start":{"line":448,"column":20},"end":{"line":448,"column":null}},"175":{"start":{"line":449,"column":2},"end":{"line":471,"column":null}},"176":{"start":{"line":449,"column":15},"end":{"line":449,"column":18}},"177":{"start":{"line":450,"column":17},"end":{"line":450,"column":null}},"178":{"start":{"line":451,"column":18},"end":{"line":451,"column":null}},"179":{"start":{"line":452,"column":4},"end":{"line":455,"column":null}},"180":{"start":{"line":453,"column":6},"end":{"line":453,"column":null}},"181":{"start":{"line":454,"column":6},"end":{"line":454,"column":null}},"182":{"start":{"line":456,"column":4},"end":{"line":470,"column":null}},"183":{"start":{"line":457,"column":6},"end":{"line":458,"column":null}},"184":{"start":{"line":458,"column":8},"end":{"line":458,"column":null}},"185":{"start":{"line":459,"column":19},"end":{"line":459,"column":null}},"186":{"start":
[...]
ne":309,"column":39}},"line":309},"29":{"name":"(anonymous_29)","decl":{"start":{"line":313,"column":12},"end":{"line":313,"column":18}},"loc":{"start":{"line":313,"column":18},"end":{"line":336,"column":5}},"line":313},"30":{"name":"(anonymous_30)","decl":{"start":{"line":315,"column":21},"end":{"line":315,"column":27}},"loc":{"start":{"line":315,"column":27},"end":{"line":318,"column":7}},"line":315},"31":{"name":"(anonymous_31)","decl":{"start":{"line":319,"column":13},"end":{"line":319,"column":19}},"loc":{"start":{"line":319,"column":19},"end":{"line":319,"column":null}},"line":319},"32":{"name":"(anonymous_32)","decl":{"start":{"line":322,"column":19},"end":{"line":322,"column":25}},"loc":{"start":{"line":322,"column":25},"end":{"line":322,"column":41}},"line":322},"33":{"name":"(anonymous_33)","decl":{"start":{"line":324,"column":12},"end":{"line":324,"column":13}},"loc":{"start":{"line":324,"column":22},"end":{"line":326,"column":7}},"line":324},"34":{"name":"(anonymous_34)","decl":{"start":{"line":327,"column":13},"end":{"line":327,"column":19}},"loc":{"start":{"line":327,"column":19},"end":{"line":329,"column":7}},"line":327},"35":{"name":"(anonymous_35)","decl":{"start":{"line":330,"column":15},"end":{"line":330,"column":21}},"loc":{"start":{"line":330,"column":21},"end":{"line":332,"column":7}},"line":330},"36":{"name":"(anonymous_36)","decl":{"start":{"line":333,"column":11},"end":{"line":333,"column":17}},"loc":{"start":{"line":333,"column":17},"end":{"line":335,"column":null}},"line":333},"37":{"name":"(anonymous_37)","decl":{"start":{"line":338,"column":31},"end":{"line":338,"column":37}},"loc":{"start":{"line":338,"column":37},"end":{"line":346,"column":5}},"line":338},"38":{"name":"(anonymous_38)","decl":{"start":{"line":348,"column":20},"end":{"line":348,"column":null}},"loc":{"start":{"line":352,"column":7},"end":{"line":356,"column":null}},"line":352},"39":{"name":"(anonymous_39)","decl":{"start":{"line":355,"column":14},"end":{"line":355,"column":15}},"loc":{"start":{"line":355,"column":24},"end":{"line":355,"column":36}},"line":355},"40":{"name":"(anonymous_40)","decl":{"start":{"line":358,"column":23},"end":{"line":358,"column":30}},"loc":{"start":{"line":358,"column":47},"end":{"line":366,"column":null}},"line":358},"41":{"name":"(anonymous_41)","decl":{"start":{"line":363,"column":14},"end":{"line":363,"column":15}},"loc":{"start":{"line":364,"column":6},"end":{"line":364,"column":null}},"line":364},"42":{"name":"(anonymous_42)","decl":{"start":{"line":364,"column":15},"end":{"line":364,"column":16}},"loc":{"start":{"line":364,"column":23},"end":{"line":364,"column":55}},"line":364},"43":{"name":"(anonymous_43)","decl":{"start":{"line":368,"column":23},"end":{"line":368,"column":30}},"loc":{"start":{"line":368,"column":47},"end":{"line":372,"column":null}},"line":368},"44":{"name":"(anonymous_44)","decl":{"start":{"line":371,"column":14},"end":{"line":371,"column":15}},"loc":{"start":{"line":371,"column":24},"end":{"line":371,"column":61}},"line":371},"45":{"name":"(anonymous_45)","decl":{"start":{"line":371,"column":36},"end":{"line":371,"column":37}},"loc":{"start":{"line":371,"column":43},"end":{"line":371,"column":60}},"line":371},"46":{"name":"(anonymous_46)","decl":{"start":{"line":377,"column":17},"end":{"line":377,"column":23}},"loc":{"start":{"line":377,"column":23},"end":{"line":377,"column":null}},"line":377},"47":{"name":"(anonymous_47)","decl":{"start":{"line":378,"column":17},"end":{"line":378,"column":23}},"loc":{"start":{"line":378,"column":23},"end":{"line":378,"column":null}},"line":378},"48":{"name":"(anonymous_48)","decl":{"start":{"line":379,"column":22},"end":{"line":379,"column":28}},"loc":{"start":{"line":379,"column":28},"end":{"line":379,"column":null}},"line":379},"49":{"name":"(anonymous_49)","decl":{"start":{"line":436,"column":19},"end":{"line":436,"column":20}},"loc":{"start":{"line":436,"column":31},"end":{"line":449,"column":9}},"line":436},"50":{"name":"(anonymous_50)","decl":{"start":{"line":444,"column":21},"end":{"line":444,"column":22}},"loc":{"start":{"line":444,"column":42},"end":{"line":444,"column":null}},"line":444}},"branchMap":{"0":{"loc":{"start":{"line":39,"column":15},"end":{"line":39,"column":null}},"type":"cond-expr","locations":[{"start":{"line":39,"column":27},"end":{"line":39,"column":32}},{"start":{"line":39,"column":32},"end":{"line":39,"column":null}}],"line":39},"1":{"loc":{"start":{"line":76,"column":2},"end":{"line":76,"column":null}},"type":"if","locations":[{"start":{"line":76,"column":2},"end":{"line":76,"column":null}},{"start":{},"end":{}}],"line":76},"2":{"loc":{"start":{"line":102,"column":33},"end":{"line":102,"column":75}},"type":"cond-expr","locations":[{"start":{"line":102,"column":50},"end":{"line":102,"column":73}},{"start":{"line":102,"column":73},"end":{"line":102,"column":75}}],"line":102},"3":{"loc":{"start":{"line":109,"column":58},"end":{"line":109,"column":102}},"type":"cond-expr","locations":[{"start":{"line":109,"column":75},"end":{"line":109,"column":92}},{"start":{"line":109,"column":92},"end":{"line":109,"column":102}}],"line":109},"4":{"loc":{"start":{"line":120,"column":7},"end":{"line":127,"column":null}},"type":"binary-expr","locations":[{"start":{"line":120,"column":7},"end":{"line":120,"column":null}},{"start":{"line":121,"column":8},"end":{"line":127,"column":null}}],"line":120},"5":{"loc":{"start":{"line":164,"column":10},"end":{"line":165,"column":null}},"type":"binary-expr","locations":[{"start":{"line":164,"column":10},"end":{"line":164,"column":null}},{"start":{"line":165,"column":10},"end":{"line":165,"column":null}}],"line":164},"6":{"loc":{"start":{"line":176,"column":4},"end":{"line":176,"column":null}},"type":"if","locations":[{"start":{"line":176,"column":4},"end":{"line":176,"column":null}},{"start":{},"end":{}}],"line":176},"7":{"loc":{"start":{"line":176,"column":8},"end":{"line":176,"column":26}},"type":"binary-expr","locations":[{"start":{"line":176,"column":8},"end":{"line":176,"column":18}},{"start":{"line":176,"column":18},"end":{"line":176,"column":26}}],"line":176},"8":{"loc":{"start":{"line":190,"column":33},"end":{"line":190,"column":73}},"type":"cond-expr","locations":[{"start":{"line":190,"column":45},"end":{"line":190,"column":71}},{"start":{"line":190,"column":71},"end":{"line":190,"column":73}}],"line":190},"9":{"loc":{"start":{"line":190,"column":77},"end":{"line":190,"column":111}},"type":"cond-expr","locations":[{"start":{"line":190,"column":86},"end":{"line":190,"column":109}},{"start":{"line":190,"column":109},"end":{"line":190,"column":111}}],"line":190},"10":{"loc":{"start":{"line":190,"column":115},"end":{"line":190,"column":169}},"type":"cond-expr","locations":[{"start":{"line":190,"column":124},"end":{"line":190,"column":147}},{"start":{"line":190,"column":147},"end":{"line":190,"column":169}}],"line":190},"11":{"loc":{"start":{"line":198,"column":10},"end":{"line":201,"column":null}},"type":"if","locations":[{"start":{"line":198,"column":10},"end":{"line":201,"column":null}},{"start":{},"end":{}}],"line":198},"12":{"loc":{"start":{"line":198,"column":14},"end":{"line":198,"column":50}},"type":"binary-expr","locations":[{"start":{"line":198,"column":14},"end":{"line":198,"column":35}},{"start":{"line":198,"column":35},"end":{"line":198,"column":50}}],"line":198},"13":{"loc":{"start":{"line":205,"column":38},"end":{"line":205,"column":72}},"type":"cond-expr","locations":[{"start":{"line":205,"column":47},"end":{"line":205,"column":61}},{"start":{"line":205,"column":61},"end":{"line":205,"column":72}}],"line":205},"14":{"loc":{"start":{"line":209,"column":13},"end":{"line":209,"column":null}},"type":"cond-expr","locations":[{"start":{"line":209,"column":22},"end":{"line":209,"column":28}},{"start":{"line":209,"column":28},"end":{"line":209,"column":null}}],"line":209},"15":{"loc":{"start":{"line":214,"column":9},"end":{"line":218,"column":null}},"type":"binary-expr","locations":[{"start":{"line":214,"column":9},"end":{"line":214,"column":null}},{"start":{"line":215,"column":10},"end":{"line":218,"column":null}}],"line":214},"16":{"loc":{"start":{"line":221,"column":11},"end":{"line":221,"column":null}},"type":"cond-expr","locations":[{"start":{"line":221,"column":23},"end":{"line":221,"column":44}},{"start":{"line":221,"column":44},"end":{"line":221,"column":null}}],"line":221},"17":{"loc":{"start":{"line":226,"column":40},"end":{"line":226,"column":79}},"type":"cond-expr","locations":[{"start":{"line":226,"column":49},"end":{"line":226,"column":77}},{"start":{"line":226,"column":77},"end":{"line":226,"column":79}}],"line":226},"18":{"loc":{"start":{"line":239,"column":7},"end":{"line":288,"column":null}},"type":"cond-expr","locations":[{"start":{"line":240,"column":8},"end":{"line":280,"column":null}},{"start":{"line":282,"column":8},"end":{"line":288,"column":null}}],"line":239},"19":{"loc":{"start":{"line":266,"column":22},"end":{"line":266,"column":null}},"type":"binary-expr","locations":[{"start":{"line":266,"column":22},"end":{"line":266,"column":42}},{"start":{"line":266,"column":42},"end":{"line":266,"column":null}}],"line":266},"20":{"loc":{"start":{"line":314,"column":4},"end":{"line":320,"column":null}},"type":"if","locations":[{"start":{"line":314,"column":4},"end":{"line":320,"column":null}},{"start":{},"end":{}}],"line":314},"21":{"loc":{"start":{"line":325,"column":8},"end":{"line":325,"column":null}},"type":"if","locations":[{"start":{"line":325,"column":8},"end":{"line":325,"column":null}},{"start":{},"end":{}}],"line":325},"22":{"loc":{"start":{"line":328,"column":8},"end":{"line":328,"column":null}},"type":"if","locations":[{"start":{"line":328,"column":8},"end":{"line":328,"column":null}},{"start":{},"end":{}}],"line":328},"23":{"loc":{"start":{"line":331,"column":8},"end":{"line":331,"column":null}},"type":"if","locations":[{"start":{"line":331,"column":8},"end":{"line":331,"column":null}},{"start":{},"end":{}}],"line":331},"24":{"loc":{"start":{"line":341,"column":19},"end":{"line":341,"column":null}},"type":"binary-expr","locations":[{"start":{"line":341,"column":19},"end":{"line":341,"column":46}},{"start":{"line":341,"column":46},"end":{"line":341,"column":null}}],"line":341},"25":{"loc":{"start":{"line":353,"column":4},"end":{"line":353,"column":null}},"type":"if","locations":[{"start":{"line":353,"column":4},"end":{"line":353,"column":null}},{"start":{},"end":{}}],"line":353},"26":{"loc":{"start":{"line":359,"column":4},"end":{"line":359,"column":null}},"type":"if","locations":[{"start":{"line":359,"column":4},"end":{"line":359,"column":null}},{"start":{},"end":{}}],"line":359},"27":{"loc":{"start":{"line":364,"column":23},"end":{"line":364,"column":55}},"type":"cond-expr","locations":[{"start":{"line":364,"column":43},"end":{"line":364,"column":53}},{"start":{"line":364,"column":53},"end":{"line":364,"column":55}}],"line":364},"28":{"loc":{"start":{"line":369,"column":4},"end":{"line":369,"column":null}},"type":"if","locations":[{"start":{"line":369,"column":4},"end":{"line":369,"column":null}},{"start":{},"end":{}}],"line":369},"29":{"loc":{"start":{"line":431,"column":7},"end":{"line":432,"column":null}},"type":"binary-expr","locations":[{"start":{"line":431,"column":7},"end":{"line":431,"column":null}},{"start":{"line":432,"column":8},"end":{"line":432,"column":null}}],"line":431},"30":{"loc":{"start":{"line":438,"column":29},"end":{"line":438,"column":null}},"type":"binary-expr","locations":[{"start":{"line":438,"column":29},"end":{"line":438,"column":54}},{"start":{"line":438,"column":54},"end":{"line":438,"column":null}}],"line":438}},"s":{"0":2,"1":2,"2":2,"3":2,"4":92,"5":92,"6":92,"7":92,"8":92,"9":313,"10":313,"11":313,"12":313,"13":3,"14":3,"15":3,"16":3,"17":3,"18":3,"19":3,"20":15,"21":15,"22":3,"23":43,"24":43,"25":43,"26":43,"27":43,"28":43,"29":43,"30":43,"31":24,"32":19,"33":43,"34":43,"35":43,"36":43,"37":43,"38":43,"39":5,"40":43,"41":43,"42":43,"43":43,"44":43,"45":43,"46":43,"47":43,"48":43,"49":40,"50":1,"51":43,"52":5,"53":43,"54":43,"55":1,"56":1,"57":1,"58":0,"59":1,"60":1,"61":1,"62":1,"63":1,"64":1,"65":1,"66":43,"67":0,"68":0,"69":0,"70":0,"71":0,"72":0,"73":5,"74":1,"75":0,"76":1,"77":0,"78":9,"79":0,"80":0,"81":1,"82":8,"83":8,"84":3,"85":8,"86":8,"87":8,"88":3,"89":8,"90":3,"91":15,"92":8,"93":3,"94":0,"95":0,"96":0,"97":0,"98":3,"99":3,"100":3,"101":3,"102":3,"103":3,"104":0,"105":0,"106":3,"107":3,"108":3,"109":0,"110":8,"111":8,"112":8,"113":5,"114":5,"115":5,"116":8,"117":8,"118":1,"119":0,"120":1,"121":1,"122":1,"123":8,"124":1,"125":0,"126":1,"127":1,"128":1,"129":1,"130":8,"131":0,"132":0,"133":0,"134":0,"135":0,"136":0,"137":8,"138":8,"139":8,"140":0,"141":8,"142":0,"143":8,"144":0,"145":8,"146":40,"147":40,"148":40,"149":1},"f":{"0":92,"1":313,"2":3,"3":43,"4":43,"5":43,"6":5,"7":43,"8":40,"9":1,"10":5,"11":1,"12":0,"13":0,"14":0,"15":0,"16":5,"17":1,"18":0,"19":1,"20":0,"21":9,"22":0,"23":1,"24":8,"25":3,"26":3,"27":3,"28":15,"29":3,"30":0,"31":0,"32":3,"33":3,"34":0,"35":3,"36":0,"37":8,"38":1,"39":1,"40":1,"41":1,"42":1,"43":0,"44":0,"45":0,"46":0,"47":0,"48":0,"49":40,"50":1},"b":{"0":[0,92],"1":[24,19],"2":[2,3],"3":[2,3],"4":[5,0],"5":[1,1],"6":[0,1],"7":[1,1],"8":[8,35],"9":[35,8],"10":[8,35],"11":[0,0],"12":[0,0],"13":[8,35],"14":[8,35],"15":[43,8],"16":[4,39],"17":[8,35],"18":[3,40],"19":[3,2],"20":[0,3],"21":[3,0],"22":[0,0],"23":[3,0],"24":[5,4],"25":[0,1],"26":[0,1],"27":[1,0],"28":[0,0],"29":[8,3],"30":[40,36]},"meta":{"lastBranch":31,"lastFunction":51,"lastStatement":150,"seen":{"s:13:15:16:Infinity":0,"s:18:20:21:Infinity":1,"s:23:55:27:Infinity":2,"s:29:54:33:Infinity":3,"f:36:9:36:25":0,"s:37:15:37:Infinity":4,"s:38:14:38:Infinity":5,"s:39:15:39:Infinity":6,"b:39:27:39:32:39:32:39:Infinity":0,"s:40:2:40:Infinity":7,"s:41:2:41:Infinity":8,"f:45:9:45:19":1,"s:46:12:46:Infinity":9,"s:47:12:47:Infinity":10,"s:48:14:48:Infinity":11,"s:49:2:49:Infinity":12,"f:53:9:53:28":2,"s:54:16:54:Infinity":13,"s:55:15:55:Infinity":14,"s:56:22:56:Infinity":15,"s:57:20:57:Infinity":16,"s:58:26:58:Infinity":17,"s:59:18:59:Infinity":18,"s:60:2:63:Infinity":19,"s:61:4:61:Infinity":20,"s:62:4:62:Infinity":21,"s:64:2:64:Infinity":22,"f:68:9:68:25":3,"s:69:14:69:Infinity":23,"s:70:2:70:Infinity":24,"s:71:13:71:Infinity":25,"s:72:13:72:Infinity":26,"s:73:13:73:Infinity":27,"s:74:13:74:Infinity":28,"s:75:12:75:Infinity":29,"b:76:2:76:Infinity:undefined:undefined:undefined:undefined":1,"s:76:2:76:Infinity":30,"s:76:17:76:Infinity":31,"s:77:2:77:Infinity":32,"f:80:9:80:23":4,"s:81:16:81:Infinity":33,"s:82:21:82:Infinity":34,"s:83:2:83:Infinity":35,"f:87:9:87:20":5,"s:88:16:88:Infinity":36,"s:89:21:89:Infinity":37,"s:90:2:90:Infinity":38,"f:99:9:99:19":6,"s:100:2:137:Infinity":39,"b:102:50:102:73:102:73:102:75":2,"b:109:75:109:92:109:92:109:102":3,"b:120:7:120:Infinity:121:8:127:Infinity":4,"f:149:9:149:19":7,"s:150:20:150:Infinity":40,"s:151:17:151:Infinity":41,"s:152:26:152:Infinity":42,"s:153:26:153:Infinity":43,"s:155:30:155:Infinity":44,"s:156:36:156:Infinity":45,"s:157:28:157:Infinity":46,"s:158:26:158:Infinity":47,"s:160:8:168:Infinity":48,"f:161:4:161:Infinity":8,"s:162:6:166:Infinity":49,"f:163:8:163:9":9,"s:164:10:165:Infinity":50,"b:164:10:164:Infinity:165:10:165:Infinity":5,"s:170:15:170:Infinity":51,"f:170:29:170:30":10,"s:170:36:170:46":52,"s:171:16:171:Infinity":53,"s:173:23:186:Infinity":54,"f:173:23:173:30":11,"s:174:4:174:Infinity":55,"s:175:18:175:Infinity":56,"b:176:4:176:Infinity:undefined:undefined:undefined:undefined":6,"s:176:4:176:Infinity":57,"b:176:8:176:18:176:18:176:26":7,"s:176:26:176:Infinity":58,"s:177:4:177:Infinity":59,"s:178:4:185:Infinity":60,"s:179:6:179:Infinity":61,"s:180:6:180:Infinity":62,"s:181:6:181:Infinity":63,"s:182:6:182:Infinity":64,"s:184:6:184:Infinity":65,"s:188:2:292:Infinity":66,"b:190:45:190:71:190:71:190:73":8,"b:190:86:190:109:190:109:190:111":9,"b:190:124:190:147:190:147:190:169":10,"f:196:17:196:23":12,"s:196:23:196:Infinity":67,"f:196:33:196:34":13,"s:196:40:196:42":68,"f:197:19:197:20":14,"b:198:10:201:Infinity:undefined:undefined:undefined:undefined":11,"s:198:10:201:Infinity":69,"b:198:14:198:35:198:35:198:50":12,"s:199:12:199:Infinity":70,"s:200:12:200:Infinity":71,"f:200:22:200:23":15,"s:200:29:200:31":72,"b:205:47:205:61:205:61:205:72":13,"b:209:22:209:28:209:28:209:Infinity":14,"b:214:9:214:Infinity:215:10:218:Infinity":15,"b:221:23:221:44:221:44:221:Infinity":16,"b:226:49:226:77:226:77:226:79":17,"f:230:20:230:21":16,"s:231:10:236:Infinity":73,"f:234:22:234:28":17,"s:234:28:234:Infinity":74,"f:235:22:235:28":18,"s:235:28:235:Infinity":75,"b:240:8:280:Infinity:282:8:288:Infinity":18,"f:245:22:245:23":19,"s:245:29:245:Infinity":76,"f:253:22:253:23":20,"s:253:29:253:Infinity":77,"f:257:67:257:68":21,"s:258:14:260:Infinity":78,"b:266:22:266:42:266:42:266:Infinity":19,"f:273:21:273:27":22,"s:274:14:274:Infinity":79,"s:275:14:275:Infinity":80,"f:285:19:285:25":23,"s:285:25:285:Infinity":81,"f:296:9:296:18":24,"s:297:15:297:Infinity":82,"s:298:30:298:Infinity":83,"f:298:43:298:49":25,"s:298:49:298:59":84,"s:299:26:299:Infinity":85,"s:300:28:300:Infinity":86,"s:302:8:306:Infinity":87,"f:303:4:303:Infinity":26,"s:304:6:304:Infinity":88,"s:308:8:311:Infinity":89,"f:309:4:309:10":27,"s:309:10:309:Infinity":90,"f:309:20:309:21":28,"s:309:27:309:39":91,"s:313:2:336:Infinity":92,"f:313:12:313:18":29,"b:314:4:320:Infinity:undefined:undefined:undefined:undefined":20,"s:314:4:320:Infinity":93,"s:315:6:318:Infinity":94,"f:315:21:315:27":30,"s:316:8:316:Infinity":95,"s:317:8:317:Infinity":96,"s:319:6:319:Infinity":97,"f:319:13:319:19":31,"s:321:20:321:Infinity":98,"s:322:4:322:Infinity":99,"f:322:19:322:25":32,"s:322:25:322:41":100,"s:323:4:332:Infinity":101,"f:324:12:324:13":33,"b:325:8:325:Infinity:undefined:undefined:undefined:undefined":21,"s:325:8:325:Infinity":102,"s:325:24:325:Infinity":103,"f:327:13:327:19":34,"b:328:8:328:Infinity:undefined:undefined:undefined:undefined":22,"s:328:8:328:Infinity":104,"s:328:24:328:Infinity":105,"f:330:15:330:21":35,"b:331:8:331:Infinity:undefined:undefined:undefined:undefined":23,"s:331:8:331:Infinity":106,"s:331:24:331:Infinity":107,"s:333:4:335:Infinity":108,"f:333:11:333:17":36,"s:334:6:334:Infinity":109,"s:338:8:346:Infinity":110,"f:338:31:338:37":37,"s:339:16:339:Infinity":111,"s:340:4:344:Infinity":112,"s:341:19:341:Infinity":113,"b:341:19:341:46:341:46:341:Infinity":24,"s:342:6:342:Infinity":114,"s:343:6:343:Infinity":115,"s:345:4:345:Infinity":116,"s:348:20:356:Infinity":117,"f:348:20:348:Infinity":38,"b:353:4:353:Infinity:undefined:undefined:undefined:undefined":25,"s:353:4:353:Infinity":118,"s:353:19:353:Infinity":119,"s:354:14:354:Infinity":120,"s:355:4:355:Infinity":121,"f:355:14:355:15":39,"s:355:24:355:36":122,"s:358:23:366:Infinity":123,"f:358:23:358:30":40,"b:359:4:359:Infinity:undefined:undefined:undefined:undefined":26,"s:359:4:359:Infinity":124,"s:359:19:359:Infinity":125,"s:360:20:362:Infinity":126,"s:363:4:365:Infinity":127,"f:363:14:363:15":41,"s:364:6:364:Infinity":128,"f:364:15:364:16":42,"s:364:23:364:55":129,"b:364:43:364:53:364:53:364:55":27,"s:368:23:372:Infinity":130,"f:368:23:368:30":43,"b:369:4:369:Infinity:undefined:undefined:undefined:undefined":28,"s:369:4:369:Infinity":131,"s:369:19:369:Infinity":132,"s:370:4:370:Infinity":133,"s:371:4:371:Infinity":134,"f:371:14:371:15":44,"s:371:24:371:61":135,"f:371:36:371:37":45,"s:371:43:371:60":136,"s:374:15:374:Infinity":137,"s:375:16:375:Infinity":138,"s:377:17:377:Infinity":139,"f:377:17:377:23":46,"s:377:23:377:Infinity":140,"s:378:17:378:Infinity":141,"f:378:17:378:23":47,"s:378:23:378:Infinity":142,"s:379:22:379:Infinity":143,"f:379:22:379:28":48,"s:379:28:379:Infinity":144,"s:381:2:451:Infinity":145,"b:431:7:431:Infinity:432:8:432:Infinity":29,"f:436:19:436:20":49,"s:437:22:437:Infinity":146,"s:438:29:438:Infinity":147,"b:438:29:438:54:438:54:438:Infinity":30,"s:439:10:447:Infinity":148,"f:444:21:444:22":50,"s:444:42:444:Infinity":149}}}
}
